{"C:\\Users\\ragnar\\proyectos\\vue-flux\\src\\components\\FluxCube.vue": {"path":"C:\\Users\\ragnar\\proyectos\\vue-flux\\src\\components\\FluxCube.vue","statementMap":{"0":{"start":{"line":18,"column":0},"end":{"line":18,"column":null}},"1":{"start":{"line":19,"column":0},"end":{"line":19,"column":null}},"2":{"start":{"line":21,"column":0},"end":{"line":21,"column":null}},"3":{"start":{"line":36,"column":0},"end":{"line":36,"column":null}},"4":{"start":{"line":67,"column":0},"end":{"line":67,"column":null}},"5":{"start":{"line":71,"column":0},"end":{"line":71,"column":null}},"6":{"start":{"line":82,"column":0},"end":{"line":82,"column":null}},"7":{"start":{"line":84,"column":0},"end":{"line":118,"column":null}},"8":{"start":{"line":85,"column":0},"end":{"line":85,"column":null}},"9":{"start":{"line":92,"column":0},"end":{"line":92,"column":null}},"10":{"start":{"line":96,"column":0},"end":{"line":96,"column":null}},"11":{"start":{"line":100,"column":0},"end":{"line":103,"column":null}},"12":{"start":{"line":101,"column":0},"end":{"line":101,"column":null}},"13":{"start":{"line":102,"column":0},"end":{"line":102,"column":null}},"14":{"start":{"line":105,"column":0},"end":{"line":108,"column":null}},"15":{"start":{"line":106,"column":0},"end":{"line":106,"column":null}},"16":{"start":{"line":107,"column":0},"end":{"line":107,"column":null}},"17":{"start":{"line":110,"column":0},"end":{"line":110,"column":null}},"18":{"start":{"line":117,"column":0},"end":{"line":117,"column":null}},"19":{"start":{"line":120,"column":0},"end":{"line":120,"column":null}},"20":{"start":{"line":124,"column":0},"end":{"line":124,"column":null}},"21":{"start":{"line":128,"column":0},"end":{"line":128,"column":null}},"22":{"start":{"line":137,"column":0},"end":{"line":137,"column":null}},"23":{"start":{"line":139,"column":0},"end":{"line":139,"column":null}},"24":{"start":{"line":151,"column":0},"end":{"line":151,"column":null}},"25":{"start":{"line":154,"column":0},"end":{"line":154,"column":null}},"26":{"start":{"line":158,"column":0},"end":{"line":158,"column":null}},"27":{"start":{"line":162,"column":0},"end":{"line":162,"column":null}},"28":{"start":{"line":163,"column":0},"end":{"line":163,"column":null}},"29":{"start":{"line":164,"column":0},"end":{"line":164,"column":null}},"30":{"start":{"line":165,"column":0},"end":{"line":165,"column":null}},"31":{"start":{"line":166,"column":0},"end":{"line":166,"column":null}},"32":{"start":{"line":168,"column":0},"end":{"line":168,"column":null}},"33":{"start":{"line":172,"column":0},"end":{"line":172,"column":null}},"34":{"start":{"line":178,"column":0},"end":{"line":178,"column":null}},"35":{"start":{"line":182,"column":0},"end":{"line":182,"column":null}},"36":{"start":{"line":186,"column":0},"end":{"line":186,"column":null}},"37":{"start":{"line":190,"column":0},"end":{"line":190,"column":null}},"38":{"start":{"line":194,"column":0},"end":{"line":194,"column":null}}},"fnMap":{"0":{"name":"(anonymous_1)","decl":{"start":{"line":67,"column":0},"end":{"line":67,"column":null}},"loc":{"start":{"line":67,"column":0},"end":{"line":67,"column":null}}},"1":{"name":"(anonymous_2)","decl":{"start":{"line":71,"column":0},"end":{"line":71,"column":null}},"loc":{"start":{"line":71,"column":0},"end":{"line":71,"column":null}}},"2":{"name":"(anonymous_3)","decl":{"start":{"line":80,"column":0},"end":{"line":80,"column":null}},"loc":{"start":{"line":80,"column":0},"end":{"line":121,"column":null}}},"3":{"name":"(anonymous_4)","decl":{"start":{"line":123,"column":0},"end":{"line":123,"column":null}},"loc":{"start":{"line":123,"column":0},"end":{"line":125,"column":null}}},"4":{"name":"(anonymous_5)","decl":{"start":{"line":124,"column":0},"end":{"line":124,"column":null}},"loc":{"start":{"line":124,"column":0},"end":{"line":124,"column":null}}},"5":{"name":"(anonymous_6)","decl":{"start":{"line":127,"column":0},"end":{"line":127,"column":null}},"loc":{"start":{"line":127,"column":0},"end":{"line":146,"column":null}}},"6":{"name":"(anonymous_7)","decl":{"start":{"line":150,"column":0},"end":{"line":150,"column":null}},"loc":{"start":{"line":150,"column":0},"end":{"line":155,"column":null}}},"7":{"name":"(anonymous_8)","decl":{"start":{"line":157,"column":0},"end":{"line":157,"column":null}},"loc":{"start":{"line":157,"column":0},"end":{"line":159,"column":null}}},"8":{"name":"(anonymous_9)","decl":{"start":{"line":161,"column":0},"end":{"line":161,"column":null}},"loc":{"start":{"line":161,"column":0},"end":{"line":169,"column":null}}},"9":{"name":"(anonymous_10)","decl":{"start":{"line":171,"column":0},"end":{"line":171,"column":null}},"loc":{"start":{"line":171,"column":0},"end":{"line":175,"column":null}}},"10":{"name":"(anonymous_11)","decl":{"start":{"line":177,"column":0},"end":{"line":177,"column":null}},"loc":{"start":{"line":177,"column":0},"end":{"line":179,"column":null}}},"11":{"name":"(anonymous_12)","decl":{"start":{"line":181,"column":0},"end":{"line":181,"column":null}},"loc":{"start":{"line":181,"column":0},"end":{"line":183,"column":null}}},"12":{"name":"(anonymous_13)","decl":{"start":{"line":185,"column":0},"end":{"line":185,"column":null}},"loc":{"start":{"line":185,"column":0},"end":{"line":187,"column":null}}},"13":{"name":"(anonymous_14)","decl":{"start":{"line":189,"column":0},"end":{"line":189,"column":null}},"loc":{"start":{"line":189,"column":0},"end":{"line":191,"column":null}}},"14":{"name":"(anonymous_15)","decl":{"start":{"line":193,"column":0},"end":{"line":193,"column":null}},"loc":{"start":{"line":193,"column":0},"end":{"line":195,"column":null}}}},"branchMap":{"0":{"loc":{"start":{"line":88,"column":0},"end":{"line":88,"column":null}},"type":"binary-expr","locations":[{"start":{"line":88,"column":0},"end":{"line":88,"column":null}},{"start":{"line":88,"column":0},"end":{"line":88,"column":null}}]},"1":{"loc":{"start":{"line":89,"column":0},"end":{"line":89,"column":null}},"type":"binary-expr","locations":[{"start":{"line":89,"column":0},"end":{"line":89,"column":null}},{"start":{"line":89,"column":0},"end":{"line":89,"column":null}}]},"2":{"loc":{"start":{"line":100,"column":0},"end":{"line":103,"column":null}},"type":"if","locations":[{"start":{"line":100,"column":0},"end":{"line":103,"column":null}},{"start":{"line":100,"column":0},"end":{"line":103,"column":null}}]},"3":{"loc":{"start":{"line":105,"column":0},"end":{"line":108,"column":null}},"type":"if","locations":[{"start":{"line":105,"column":0},"end":{"line":108,"column":null}},{"start":{"line":105,"column":0},"end":{"line":108,"column":null}}]},"4":{"loc":{"start":{"line":141,"column":0},"end":{"line":141,"column":null}},"type":"cond-expr","locations":[{"start":{"line":141,"column":0},"end":{"line":141,"column":null}},{"start":{"line":141,"column":0},"end":{"line":141,"column":null}}]},"5":{"loc":{"start":{"line":143,"column":0},"end":{"line":143,"column":null}},"type":"cond-expr","locations":[{"start":{"line":143,"column":0},"end":{"line":143,"column":null}},{"start":{"line":143,"column":0},"end":{"line":143,"column":null}}]},"6":{"loc":{"start":{"line":151,"column":0},"end":{"line":151,"column":null}},"type":"if","locations":[{"start":{"line":151,"column":0},"end":{"line":151,"column":null}},{"start":{"line":151,"column":0},"end":{"line":151,"column":null}}]},"7":{"loc":{"start":{"line":162,"column":0},"end":{"line":162,"column":null}},"type":"binary-expr","locations":[{"start":{"line":162,"column":0},"end":{"line":162,"column":null}},{"start":{"line":162,"column":0},"end":{"line":162,"column":null}}]},"8":{"loc":{"start":{"line":163,"column":0},"end":{"line":163,"column":null}},"type":"binary-expr","locations":[{"start":{"line":163,"column":0},"end":{"line":163,"column":null}},{"start":{"line":163,"column":0},"end":{"line":163,"column":null}}]},"9":{"loc":{"start":{"line":164,"column":0},"end":{"line":164,"column":null}},"type":"binary-expr","locations":[{"start":{"line":164,"column":0},"end":{"line":164,"column":null}},{"start":{"line":164,"column":0},"end":{"line":164,"column":null}}]},"10":{"loc":{"start":{"line":165,"column":0},"end":{"line":165,"column":null}},"type":"binary-expr","locations":[{"start":{"line":165,"column":0},"end":{"line":165,"column":null}},{"start":{"line":165,"column":0},"end":{"line":165,"column":null}}]},"11":{"loc":{"start":{"line":166,"column":0},"end":{"line":166,"column":null}},"type":"binary-expr","locations":[{"start":{"line":166,"column":0},"end":{"line":166,"column":null}},{"start":{"line":166,"column":0},"end":{"line":166,"column":null}}]}},"s":{"0":9,"1":9,"2":9,"3":9,"4":0,"5":0,"6":0,"7":0,"8":0,"9":0,"10":0,"11":0,"12":0,"13":0,"14":0,"15":0,"16":0,"17":0,"18":0,"19":0,"20":0,"21":0,"22":0,"23":0,"24":0,"25":0,"26":0,"27":0,"28":0,"29":0,"30":0,"31":0,"32":0,"33":0,"34":0,"35":0,"36":0,"37":0,"38":0},"f":{"0":0,"1":0,"2":0,"3":0,"4":0,"5":0,"6":0,"7":0,"8":0,"9":0,"10":0,"11":0,"12":0,"13":0,"14":0},"b":{"0":[0,0],"1":[0,0],"2":[0,0],"3":[0,0],"4":[0,0],"5":[0,0],"6":[0,0],"7":[0,0],"8":[0,0],"9":[0,0],"10":[0,0],"11":[0,0]}}
,"C:\\Users\\ragnar\\proyectos\\vue-flux\\src\\components\\FluxGrid.vue": {"path":"C:\\Users\\ragnar\\proyectos\\vue-flux\\src\\components\\FluxGrid.vue","statementMap":{"0":{"start":{"line":23,"column":0},"end":{"line":23,"column":null}},"1":{"start":{"line":24,"column":0},"end":{"line":24,"column":null}},"2":{"start":{"line":25,"column":0},"end":{"line":25,"column":null}},"3":{"start":{"line":58,"column":0},"end":{"line":58,"column":null}},"4":{"start":{"line":66,"column":0},"end":{"line":66,"column":null}},"5":{"start":{"line":70,"column":0},"end":{"line":70,"column":null}},"6":{"start":{"line":74,"column":0},"end":{"line":74,"column":null}},"7":{"start":{"line":78,"column":0},"end":{"line":78,"column":null}},"8":{"start":{"line":82,"column":0},"end":{"line":82,"column":null}},"9":{"start":{"line":90,"column":0},"end":{"line":90,"column":null}},"10":{"start":{"line":92,"column":0},"end":{"line":125,"column":null}},"11":{"start":{"line":92,"column":0},"end":{"line":92,"column":null}},"12":{"start":{"line":93,"column":0},"end":{"line":93,"column":null}},"13":{"start":{"line":98,"column":0},"end":{"line":98,"column":null}},"14":{"start":{"line":100,"column":0},"end":{"line":100,"column":null}},"15":{"start":{"line":103,"column":0},"end":{"line":103,"column":null}},"16":{"start":{"line":106,"column":0},"end":{"line":106,"column":null}},"17":{"start":{"line":111,"column":0},"end":{"line":111,"column":null}},"18":{"start":{"line":116,"column":0},"end":{"line":116,"column":null}},"19":{"start":{"line":124,"column":0},"end":{"line":124,"column":null}},"20":{"start":{"line":127,"column":0},"end":{"line":127,"column":null}},"21":{"start":{"line":133,"column":0},"end":{"line":133,"column":null}},"22":{"start":{"line":137,"column":0},"end":{"line":137,"column":null}},"23":{"start":{"line":141,"column":0},"end":{"line":141,"column":null}}},"fnMap":{"0":{"name":"(anonymous_1)","decl":{"start":{"line":58,"column":0},"end":{"line":58,"column":null}},"loc":{"start":{"line":58,"column":0},"end":{"line":58,"column":null}}},"1":{"name":"(anonymous_2)","decl":{"start":{"line":65,"column":0},"end":{"line":65,"column":null}},"loc":{"start":{"line":65,"column":0},"end":{"line":67,"column":null}}},"2":{"name":"(anonymous_3)","decl":{"start":{"line":69,"column":0},"end":{"line":69,"column":null}},"loc":{"start":{"line":69,"column":0},"end":{"line":71,"column":null}}},"3":{"name":"(anonymous_4)","decl":{"start":{"line":73,"column":0},"end":{"line":73,"column":null}},"loc":{"start":{"line":73,"column":0},"end":{"line":75,"column":null}}},"4":{"name":"(anonymous_5)","decl":{"start":{"line":77,"column":0},"end":{"line":77,"column":null}},"loc":{"start":{"line":77,"column":0},"end":{"line":79,"column":null}}},"5":{"name":"(anonymous_6)","decl":{"start":{"line":81,"column":0},"end":{"line":81,"column":null}},"loc":{"start":{"line":81,"column":0},"end":{"line":86,"column":null}}},"6":{"name":"(anonymous_7)","decl":{"start":{"line":88,"column":0},"end":{"line":88,"column":null}},"loc":{"start":{"line":88,"column":0},"end":{"line":128,"column":null}}},"7":{"name":"(anonymous_8)","decl":{"start":{"line":132,"column":0},"end":{"line":132,"column":null}},"loc":{"start":{"line":132,"column":0},"end":{"line":134,"column":null}}},"8":{"name":"(anonymous_9)","decl":{"start":{"line":136,"column":0},"end":{"line":136,"column":null}},"loc":{"start":{"line":136,"column":0},"end":{"line":138,"column":null}}},"9":{"name":"(anonymous_10)","decl":{"start":{"line":140,"column":0},"end":{"line":140,"column":null}},"loc":{"start":{"line":140,"column":0},"end":{"line":142,"column":null}}},"10":{"name":"(anonymous_11)","decl":{"start":{"line":141,"column":0},"end":{"line":141,"column":null}},"loc":{"start":{"line":141,"column":0},"end":{"line":141,"column":null}}}},"branchMap":{"0":{"loc":{"start":{"line":66,"column":0},"end":{"line":66,"column":null}},"type":"cond-expr","locations":[{"start":{"line":66,"column":0},"end":{"line":66,"column":null}},{"start":{"line":66,"column":0},"end":{"line":66,"column":null}}]},"1":{"loc":{"start":{"line":100,"column":0},"end":{"line":100,"column":null}},"type":"if","locations":[{"start":{"line":100,"column":0},"end":{"line":100,"column":null}},{"start":{"line":100,"column":0},"end":{"line":100,"column":null}}]},"2":{"loc":{"start":{"line":103,"column":0},"end":{"line":103,"column":null}},"type":"if","locations":[{"start":{"line":103,"column":0},"end":{"line":103,"column":null}},{"start":{"line":103,"column":0},"end":{"line":103,"column":null}}]},"3":{"loc":{"start":{"line":121,"column":0},"end":{"line":121,"column":null}},"type":"cond-expr","locations":[{"start":{"line":121,"column":0},"end":{"line":121,"column":null}},{"start":{"line":121,"column":0},"end":{"line":121,"column":null}}]}},"s":{"0":9,"1":9,"2":9,"3":0,"4":0,"5":0,"6":0,"7":0,"8":0,"9":0,"10":0,"11":0,"12":0,"13":0,"14":0,"15":0,"16":0,"17":0,"18":0,"19":0,"20":0,"21":0,"22":0,"23":0},"f":{"0":0,"1":0,"2":0,"3":0,"4":0,"5":0,"6":0,"7":0,"8":0,"9":0,"10":0},"b":{"0":[0,0],"1":[0,0],"2":[0,0],"3":[0,0]}}
,"C:\\Users\\ragnar\\proyectos\\vue-flux\\src\\components\\FluxImage.vue": {"path":"C:\\Users\\ragnar\\proyectos\\vue-flux\\src\\components\\FluxImage.vue","statementMap":{"0":{"start":{"line":6,"column":0},"end":{"line":6,"column":null}},"1":{"start":{"line":15,"column":0},"end":{"line":15,"column":null}},"2":{"start":{"line":23,"column":0},"end":{"line":23,"column":null}},"3":{"start":{"line":26,"column":0},"end":{"line":26,"column":null}},"4":{"start":{"line":32,"column":0},"end":{"line":32,"column":null}},"5":{"start":{"line":34,"column":0},"end":{"line":34,"column":null}},"6":{"start":{"line":37,"column":0},"end":{"line":37,"column":null}},"7":{"start":{"line":39,"column":0},"end":{"line":42,"column":null}},"8":{"start":{"line":40,"column":0},"end":{"line":40,"column":null}},"9":{"start":{"line":44,"column":0},"end":{"line":44,"column":null}}},"fnMap":{"0":{"name":"(anonymous_1)","decl":{"start":{"line":15,"column":0},"end":{"line":15,"column":null}},"loc":{"start":{"line":15,"column":0},"end":{"line":15,"column":null}}},"1":{"name":"(anonymous_2)","decl":{"start":{"line":22,"column":0},"end":{"line":22,"column":null}},"loc":{"start":{"line":22,"column":0},"end":{"line":29,"column":null}}},"2":{"name":"(anonymous_3)","decl":{"start":{"line":31,"column":0},"end":{"line":31,"column":null}},"loc":{"start":{"line":31,"column":0},"end":{"line":50,"column":null}}}},"branchMap":{"0":{"loc":{"start":{"line":23,"column":0},"end":{"line":23,"column":null}},"type":"if","locations":[{"start":{"line":23,"column":0},"end":{"line":23,"column":null}},{"start":{"line":23,"column":0},"end":{"line":23,"column":null}}]},"1":{"loc":{"start":{"line":34,"column":0},"end":{"line":34,"column":null}},"type":"if","locations":[{"start":{"line":34,"column":0},"end":{"line":34,"column":null}},{"start":{"line":34,"column":0},"end":{"line":34,"column":null}}]},"2":{"loc":{"start":{"line":37,"column":0},"end":{"line":37,"column":null}},"type":"binary-expr","locations":[{"start":{"line":37,"column":0},"end":{"line":37,"column":null}},{"start":{"line":37,"column":0},"end":{"line":37,"column":null}}]},"3":{"loc":{"start":{"line":39,"column":0},"end":{"line":42,"column":null}},"type":"if","locations":[{"start":{"line":39,"column":0},"end":{"line":42,"column":null}},{"start":{"line":39,"column":0},"end":{"line":42,"column":null}}]},"4":{"loc":{"start":{"line":40,"column":0},"end":{"line":40,"column":null}},"type":"binary-expr","locations":[{"start":{"line":40,"column":0},"end":{"line":40,"column":null}},{"start":{"line":40,"column":0},"end":{"line":40,"column":null}}]}},"s":{"0":9,"1":0,"2":0,"3":0,"4":0,"5":0,"6":0,"7":0,"8":0,"9":0},"f":{"0":0,"1":0,"2":0},"b":{"0":[0,0],"1":[0,0],"2":[0,0],"3":[0,0],"4":[0,0]}}
,"C:\\Users\\ragnar\\proyectos\\vue-flux\\src\\components\\FluxTransition.vue": {"path":"C:\\Users\\ragnar\\proyectos\\vue-flux\\src\\components\\FluxTransition.vue","statementMap":{"0":{"start":{"line":18,"column":0},"end":{"line":18,"column":null}},"1":{"start":{"line":55,"column":0},"end":{"line":55,"column":null}},"2":{"start":{"line":65,"column":0},"end":{"line":65,"column":null}},"3":{"start":{"line":67,"column":0},"end":{"line":67,"column":null}},"4":{"start":{"line":75,"column":0},"end":{"line":82,"column":null}},"5":{"start":{"line":76,"column":0},"end":{"line":76,"column":null}},"6":{"start":{"line":79,"column":0},"end":{"line":79,"column":null}},"7":{"start":{"line":81,"column":0},"end":{"line":81,"column":null}},"8":{"start":{"line":84,"column":0},"end":{"line":84,"column":null}},"9":{"start":{"line":85,"column":0},"end":{"line":85,"column":null}},"10":{"start":{"line":87,"column":0},"end":{"line":90,"column":null}},"11":{"start":{"line":88,"column":0},"end":{"line":88,"column":null}},"12":{"start":{"line":89,"column":0},"end":{"line":89,"column":null}},"13":{"start":{"line":92,"column":0},"end":{"line":92,"column":null}},"14":{"start":{"line":97,"column":0},"end":{"line":97,"column":null}},"15":{"start":{"line":102,"column":0},"end":{"line":104,"column":null}},"16":{"start":{"line":103,"column":0},"end":{"line":103,"column":null}},"17":{"start":{"line":109,"column":0},"end":{"line":109,"column":null}},"18":{"start":{"line":111,"column":0},"end":{"line":111,"column":null}},"19":{"start":{"line":118,"column":0},"end":{"line":120,"column":null}},"20":{"start":{"line":119,"column":0},"end":{"line":119,"column":null}},"21":{"start":{"line":124,"column":0},"end":{"line":124,"column":null}},"22":{"start":{"line":133,"column":0},"end":{"line":133,"column":null}},"23":{"start":{"line":136,"column":0},"end":{"line":136,"column":null}}},"fnMap":{"0":{"name":"(anonymous_1)","decl":{"start":{"line":55,"column":0},"end":{"line":55,"column":null}},"loc":{"start":{"line":55,"column":0},"end":{"line":55,"column":null}}},"1":{"name":"(anonymous_2)","decl":{"start":{"line":64,"column":0},"end":{"line":64,"column":null}},"loc":{"start":{"line":64,"column":0},"end":{"line":72,"column":null}}},"2":{"name":"(anonymous_3)","decl":{"start":{"line":74,"column":0},"end":{"line":74,"column":null}},"loc":{"start":{"line":74,"column":0},"end":{"line":93,"column":null}}},"3":{"name":"(anonymous_4)","decl":{"start":{"line":96,"column":0},"end":{"line":96,"column":null}},"loc":{"start":{"line":96,"column":0},"end":{"line":99,"column":null}}},"4":{"name":"(anonymous_5)","decl":{"start":{"line":101,"column":0},"end":{"line":101,"column":null}},"loc":{"start":{"line":101,"column":0},"end":{"line":105,"column":null}}},"5":{"name":"(anonymous_6)","decl":{"start":{"line":102,"column":0},"end":{"line":102,"column":null}},"loc":{"start":{"line":102,"column":0},"end":{"line":104,"column":null}}},"6":{"name":"(anonymous_7)","decl":{"start":{"line":108,"column":0},"end":{"line":108,"column":null}},"loc":{"start":{"line":108,"column":0},"end":{"line":121,"column":null}}},"7":{"name":"(anonymous_8)","decl":{"start":{"line":118,"column":0},"end":{"line":118,"column":null}},"loc":{"start":{"line":118,"column":0},"end":{"line":120,"column":null}}},"8":{"name":"(anonymous_9)","decl":{"start":{"line":123,"column":0},"end":{"line":123,"column":null}},"loc":{"start":{"line":123,"column":0},"end":{"line":130,"column":null}}},"9":{"name":"(anonymous_10)","decl":{"start":{"line":132,"column":0},"end":{"line":132,"column":null}},"loc":{"start":{"line":132,"column":0},"end":{"line":137,"column":null}}}},"branchMap":{"0":{"loc":{"start":{"line":75,"column":0},"end":{"line":82,"column":null}},"type":"if","locations":[{"start":{"line":75,"column":0},"end":{"line":82,"column":null}},{"start":{"line":75,"column":0},"end":{"line":82,"column":null}}]},"1":{"loc":{"start":{"line":76,"column":0},"end":{"line":76,"column":null}},"type":"if","locations":[{"start":{"line":76,"column":0},"end":{"line":76,"column":null}},{"start":{"line":76,"column":0},"end":{"line":76,"column":null}}]},"2":{"loc":{"start":{"line":84,"column":0},"end":{"line":84,"column":null}},"type":"binary-expr","locations":[{"start":{"line":84,"column":0},"end":{"line":84,"column":null}},{"start":{"line":84,"column":0},"end":{"line":84,"column":null}}]},"3":{"loc":{"start":{"line":87,"column":0},"end":{"line":90,"column":null}},"type":"if","locations":[{"start":{"line":87,"column":0},"end":{"line":90,"column":null}},{"start":{"line":87,"column":0},"end":{"line":90,"column":null}}]},"4":{"loc":{"start":{"line":88,"column":0},"end":{"line":88,"column":null}},"type":"binary-expr","locations":[{"start":{"line":88,"column":0},"end":{"line":88,"column":null}},{"start":{"line":88,"column":0},"end":{"line":88,"column":null}}]},"5":{"loc":{"start":{"line":97,"column":0},"end":{"line":97,"column":null}},"type":"if","locations":[{"start":{"line":97,"column":0},"end":{"line":97,"column":null}},{"start":{"line":97,"column":0},"end":{"line":97,"column":null}}]},"6":{"loc":{"start":{"line":133,"column":0},"end":{"line":133,"column":null}},"type":"if","locations":[{"start":{"line":133,"column":0},"end":{"line":133,"column":null}},{"start":{"line":133,"column":0},"end":{"line":133,"column":null}}]}},"s":{"0":5,"1":0,"2":0,"3":0,"4":0,"5":0,"6":0,"7":0,"8":0,"9":0,"10":0,"11":0,"12":0,"13":0,"14":0,"15":0,"16":0,"17":0,"18":0,"19":0,"20":0,"21":0,"22":0,"23":0},"f":{"0":0,"1":0,"2":0,"3":0,"4":0,"5":0,"6":0,"7":0,"8":0,"9":0},"b":{"0":[0,0],"1":[0,0],"2":[0,0],"3":[0,0],"4":[0,0],"5":[0,0],"6":[0,0]}}
,"C:\\Users\\ragnar\\proyectos\\vue-flux\\src\\components\\FluxVortex.vue": {"path":"C:\\Users\\ragnar\\proyectos\\vue-flux\\src\\components\\FluxVortex.vue","statementMap":{"0":{"start":{"line":16,"column":0},"end":{"line":16,"column":null}},"1":{"start":{"line":17,"column":0},"end":{"line":17,"column":null}},"2":{"start":{"line":39,"column":0},"end":{"line":39,"column":null}},"3":{"start":{"line":48,"column":0},"end":{"line":48,"column":null}},"4":{"start":{"line":52,"column":0},"end":{"line":52,"column":null}},"5":{"start":{"line":54,"column":0},"end":{"line":54,"column":null}},"6":{"start":{"line":58,"column":0},"end":{"line":58,"column":null}},"7":{"start":{"line":62,"column":0},"end":{"line":62,"column":null}},"8":{"start":{"line":66,"column":0},"end":{"line":66,"column":null}},"9":{"start":{"line":71,"column":0},"end":{"line":71,"column":null}},"10":{"start":{"line":73,"column":0},"end":{"line":97,"column":null}},"11":{"start":{"line":73,"column":0},"end":{"line":73,"column":null}},"12":{"start":{"line":74,"column":0},"end":{"line":74,"column":null}},"13":{"start":{"line":75,"column":0},"end":{"line":75,"column":null}},"14":{"start":{"line":77,"column":0},"end":{"line":77,"column":null}},"15":{"start":{"line":84,"column":0},"end":{"line":84,"column":null}},"16":{"start":{"line":96,"column":0},"end":{"line":96,"column":null}},"17":{"start":{"line":99,"column":0},"end":{"line":99,"column":null}},"18":{"start":{"line":105,"column":0},"end":{"line":105,"column":null}}},"fnMap":{"0":{"name":"(anonymous_1)","decl":{"start":{"line":39,"column":0},"end":{"line":39,"column":null}},"loc":{"start":{"line":39,"column":0},"end":{"line":39,"column":null}}},"1":{"name":"(anonymous_2)","decl":{"start":{"line":47,"column":0},"end":{"line":47,"column":null}},"loc":{"start":{"line":47,"column":0},"end":{"line":49,"column":null}}},"2":{"name":"(anonymous_3)","decl":{"start":{"line":51,"column":0},"end":{"line":51,"column":null}},"loc":{"start":{"line":51,"column":0},"end":{"line":55,"column":null}}},"3":{"name":"(anonymous_4)","decl":{"start":{"line":57,"column":0},"end":{"line":57,"column":null}},"loc":{"start":{"line":57,"column":0},"end":{"line":59,"column":null}}},"4":{"name":"(anonymous_5)","decl":{"start":{"line":61,"column":0},"end":{"line":61,"column":null}},"loc":{"start":{"line":61,"column":0},"end":{"line":63,"column":null}}},"5":{"name":"(anonymous_6)","decl":{"start":{"line":65,"column":0},"end":{"line":65,"column":null}},"loc":{"start":{"line":65,"column":0},"end":{"line":67,"column":null}}},"6":{"name":"(anonymous_7)","decl":{"start":{"line":69,"column":0},"end":{"line":69,"column":null}},"loc":{"start":{"line":69,"column":0},"end":{"line":100,"column":null}}},"7":{"name":"(anonymous_8)","decl":{"start":{"line":104,"column":0},"end":{"line":104,"column":null}},"loc":{"start":{"line":104,"column":0},"end":{"line":106,"column":null}}},"8":{"name":"(anonymous_9)","decl":{"start":{"line":105,"column":0},"end":{"line":105,"column":null}},"loc":{"start":{"line":105,"column":0},"end":{"line":105,"column":null}}}},"branchMap":{},"s":{"0":5,"1":5,"2":0,"3":0,"4":0,"5":0,"6":0,"7":0,"8":0,"9":0,"10":0,"11":0,"12":0,"13":0,"14":0,"15":0,"16":0,"17":0,"18":0},"f":{"0":0,"1":0,"2":0,"3":0,"4":0,"5":0,"6":0,"7":0,"8":0},"b":{}}
,"C:\\Users\\ragnar\\proyectos\\vue-flux\\src\\components\\FluxWrapper.vue": {"path":"C:\\Users\\ragnar\\proyectos\\vue-flux\\src\\components\\FluxWrapper.vue","statementMap":{"0":{"start":{"line":8,"column":0},"end":{"line":8,"column":null}},"1":{"start":{"line":17,"column":0},"end":{"line":17,"column":null}}},"fnMap":{"0":{"name":"(anonymous_1)","decl":{"start":{"line":17,"column":0},"end":{"line":17,"column":null}},"loc":{"start":{"line":17,"column":0},"end":{"line":17,"column":null}}}},"branchMap":{},"s":{"0":5,"1":0},"f":{"0":0},"b":{}}
,"C:\\Users\\ragnar\\proyectos\\vue-flux\\src\\components\\VueFlux.vue": {"path":"C:\\Users\\ragnar\\proyectos\\vue-flux\\src\\components\\VueFlux.vue","statementMap":{"0":{"start":{"line":48,"column":0},"end":{"line":48,"column":null}},"1":{"start":{"line":51,"column":0},"end":{"line":51,"column":null}},"2":{"start":{"line":52,"column":0},"end":{"line":52,"column":null}},"3":{"start":{"line":53,"column":0},"end":{"line":53,"column":null}},"4":{"start":{"line":54,"column":0},"end":{"line":54,"column":null}},"5":{"start":{"line":55,"column":0},"end":{"line":55,"column":null}},"6":{"start":{"line":58,"column":0},"end":{"line":58,"column":null}},"7":{"start":{"line":59,"column":0},"end":{"line":59,"column":null}},"8":{"start":{"line":72,"column":0},"end":{"line":72,"column":null}},"9":{"start":{"line":82,"column":0},"end":{"line":82,"column":null}},"10":{"start":{"line":87,"column":0},"end":{"line":87,"column":null}},"11":{"start":{"line":91,"column":0},"end":{"line":91,"column":null}},"12":{"start":{"line":118,"column":0},"end":{"line":118,"column":null}},"13":{"start":{"line":121,"column":0},"end":{"line":126,"column":null}},"14":{"start":{"line":122,"column":0},"end":{"line":122,"column":null}},"15":{"start":{"line":128,"column":0},"end":{"line":128,"column":null}},"16":{"start":{"line":130,"column":0},"end":{"line":130,"column":null}},"17":{"start":{"line":140,"column":0},"end":{"line":140,"column":null}},"18":{"start":{"line":146,"column":0},"end":{"line":146,"column":null}},"19":{"start":{"line":148,"column":0},"end":{"line":148,"column":null}},"20":{"start":{"line":150,"column":0},"end":{"line":150,"column":null}},"21":{"start":{"line":151,"column":0},"end":{"line":151,"column":null}},"22":{"start":{"line":155,"column":0},"end":{"line":155,"column":null}},"23":{"start":{"line":157,"column":0},"end":{"line":157,"column":null}},"24":{"start":{"line":158,"column":0},"end":{"line":158,"column":null}},"25":{"start":{"line":160,"column":0},"end":{"line":160,"column":null}},"26":{"start":{"line":161,"column":0},"end":{"line":161,"column":null}},"27":{"start":{"line":166,"column":0},"end":{"line":166,"column":null}},"28":{"start":{"line":167,"column":0},"end":{"line":167,"column":null}},"29":{"start":{"line":168,"column":0},"end":{"line":168,"column":null}},"30":{"start":{"line":169,"column":0},"end":{"line":169,"column":null}},"31":{"start":{"line":170,"column":0},"end":{"line":170,"column":null}},"32":{"start":{"line":172,"column":0},"end":{"line":172,"column":null}},"33":{"start":{"line":174,"column":0},"end":{"line":174,"column":null}},"34":{"start":{"line":178,"column":0},"end":{"line":178,"column":null}},"35":{"start":{"line":180,"column":0},"end":{"line":180,"column":null}},"36":{"start":{"line":181,"column":0},"end":{"line":181,"column":null}},"37":{"start":{"line":183,"column":0},"end":{"line":183,"column":null}},"38":{"start":{"line":187,"column":0},"end":{"line":187,"column":null}},"39":{"start":{"line":189,"column":0},"end":{"line":189,"column":null}},"40":{"start":{"line":191,"column":0},"end":{"line":191,"column":null}},"41":{"start":{"line":196,"column":0},"end":{"line":196,"column":null}},"42":{"start":{"line":198,"column":0},"end":{"line":198,"column":null}},"43":{"start":{"line":201,"column":0},"end":{"line":201,"column":null}},"44":{"start":{"line":203,"column":0},"end":{"line":203,"column":null}},"45":{"start":{"line":207,"column":0},"end":{"line":211,"column":null}},"46":{"start":{"line":208,"column":0},"end":{"line":208,"column":null}},"47":{"start":{"line":213,"column":0},"end":{"line":213,"column":null}},"48":{"start":{"line":217,"column":0},"end":{"line":217,"column":null}},"49":{"start":{"line":220,"column":0},"end":{"line":220,"column":null}},"50":{"start":{"line":223,"column":0},"end":{"line":223,"column":null}},"51":{"start":{"line":225,"column":0},"end":{"line":225,"column":null}},"52":{"start":{"line":227,"column":0},"end":{"line":227,"column":null}},"53":{"start":{"line":229,"column":0},"end":{"line":232,"column":null}},"54":{"start":{"line":230,"column":0},"end":{"line":230,"column":null}},"55":{"start":{"line":231,"column":0},"end":{"line":231,"column":null}},"56":{"start":{"line":234,"column":0},"end":{"line":234,"column":null}},"57":{"start":{"line":238,"column":0},"end":{"line":238,"column":null}},"58":{"start":{"line":240,"column":0},"end":{"line":240,"column":null}},"59":{"start":{"line":243,"column":0},"end":{"line":243,"column":null}},"60":{"start":{"line":247,"column":0},"end":{"line":247,"column":null}},"61":{"start":{"line":250,"column":0},"end":{"line":250,"column":null}},"62":{"start":{"line":252,"column":0},"end":{"line":252,"column":null}},"63":{"start":{"line":254,"column":0},"end":{"line":262,"column":null}},"64":{"start":{"line":255,"column":0},"end":{"line":257,"column":null}},"65":{"start":{"line":256,"column":0},"end":{"line":256,"column":null}},"66":{"start":{"line":260,"column":0},"end":{"line":260,"column":null}},"67":{"start":{"line":261,"column":0},"end":{"line":261,"column":null}},"68":{"start":{"line":266,"column":0},"end":{"line":266,"column":null}},"69":{"start":{"line":270,"column":0},"end":{"line":270,"column":null}},"70":{"start":{"line":272,"column":0},"end":{"line":276,"column":null}},"71":{"start":{"line":273,"column":0},"end":{"line":275,"column":null}},"72":{"start":{"line":274,"column":0},"end":{"line":274,"column":null}},"73":{"start":{"line":278,"column":0},"end":{"line":278,"column":null}},"74":{"start":{"line":284,"column":0},"end":{"line":284,"column":null}},"75":{"start":{"line":286,"column":0},"end":{"line":286,"column":null}},"76":{"start":{"line":288,"column":0},"end":{"line":288,"column":null}},"77":{"start":{"line":291,"column":0},"end":{"line":291,"column":null}},"78":{"start":{"line":295,"column":0},"end":{"line":295,"column":null}},"79":{"start":{"line":298,"column":0},"end":{"line":308,"column":null}},"80":{"start":{"line":299,"column":0},"end":{"line":305,"column":null}},"81":{"start":{"line":300,"column":0},"end":{"line":300,"column":null}},"82":{"start":{"line":302,"column":0},"end":{"line":304,"column":null}},"83":{"start":{"line":303,"column":0},"end":{"line":303,"column":null}},"84":{"start":{"line":307,"column":0},"end":{"line":307,"column":null}},"85":{"start":{"line":310,"column":0},"end":{"line":310,"column":null}},"86":{"start":{"line":311,"column":0},"end":{"line":311,"column":null}},"87":{"start":{"line":312,"column":0},"end":{"line":312,"column":null}},"88":{"start":{"line":314,"column":0},"end":{"line":314,"column":null}},"89":{"start":{"line":316,"column":0},"end":{"line":316,"column":null}},"90":{"start":{"line":325,"column":0},"end":{"line":325,"column":null}},"91":{"start":{"line":333,"column":0},"end":{"line":333,"column":null}},"92":{"start":{"line":334,"column":0},"end":{"line":334,"column":null}}},"fnMap":{"0":{"name":"(anonymous_1)","decl":{"start":{"line":72,"column":0},"end":{"line":72,"column":null}},"loc":{"start":{"line":72,"column":0},"end":{"line":72,"column":null}}},"1":{"name":"(anonymous_2)","decl":{"start":{"line":82,"column":0},"end":{"line":82,"column":null}},"loc":{"start":{"line":82,"column":0},"end":{"line":82,"column":null}}},"2":{"name":"(anonymous_3)","decl":{"start":{"line":87,"column":0},"end":{"line":87,"column":null}},"loc":{"start":{"line":87,"column":0},"end":{"line":87,"column":null}}},"3":{"name":"(anonymous_4)","decl":{"start":{"line":91,"column":0},"end":{"line":91,"column":null}},"loc":{"start":{"line":91,"column":0},"end":{"line":91,"column":null}}},"4":{"name":"(anonymous_5)","decl":{"start":{"line":117,"column":0},"end":{"line":117,"column":null}},"loc":{"start":{"line":117,"column":0},"end":{"line":134,"column":null}}},"5":{"name":"(anonymous_6)","decl":{"start":{"line":139,"column":0},"end":{"line":139,"column":null}},"loc":{"start":{"line":139,"column":0},"end":{"line":141,"column":null}}},"6":{"name":"(anonymous_7)","decl":{"start":{"line":145,"column":0},"end":{"line":145,"column":null}},"loc":{"start":{"line":145,"column":0},"end":{"line":152,"column":null}}},"7":{"name":"(anonymous_8)","decl":{"start":{"line":154,"column":0},"end":{"line":154,"column":null}},"loc":{"start":{"line":154,"column":0},"end":{"line":162,"column":null}}},"8":{"name":"(anonymous_9)","decl":{"start":{"line":165,"column":0},"end":{"line":165,"column":null}},"loc":{"start":{"line":165,"column":0},"end":{"line":175,"column":null}}},"9":{"name":"(anonymous_10)","decl":{"start":{"line":177,"column":0},"end":{"line":177,"column":null}},"loc":{"start":{"line":177,"column":0},"end":{"line":184,"column":null}}},"10":{"name":"(anonymous_11)","decl":{"start":{"line":186,"column":0},"end":{"line":186,"column":null}},"loc":{"start":{"line":186,"column":0},"end":{"line":192,"column":null}}},"11":{"name":"(anonymous_12)","decl":{"start":{"line":195,"column":0},"end":{"line":195,"column":null}},"loc":{"start":{"line":195,"column":0},"end":{"line":214,"column":null}}},"12":{"name":"(anonymous_13)","decl":{"start":{"line":216,"column":0},"end":{"line":216,"column":null}},"loc":{"start":{"line":216,"column":0},"end":{"line":235,"column":null}}},"13":{"name":"(anonymous_14)","decl":{"start":{"line":237,"column":0},"end":{"line":237,"column":null}},"loc":{"start":{"line":237,"column":0},"end":{"line":244,"column":null}}},"14":{"name":"(anonymous_15)","decl":{"start":{"line":246,"column":0},"end":{"line":246,"column":null}},"loc":{"start":{"line":246,"column":0},"end":{"line":263,"column":null}}},"15":{"name":"(anonymous_16)","decl":{"start":{"line":255,"column":0},"end":{"line":255,"column":null}},"loc":{"start":{"line":255,"column":0},"end":{"line":257,"column":null}}},"16":{"name":"(anonymous_17)","decl":{"start":{"line":265,"column":0},"end":{"line":265,"column":null}},"loc":{"start":{"line":265,"column":0},"end":{"line":267,"column":null}}},"17":{"name":"(anonymous_18)","decl":{"start":{"line":269,"column":0},"end":{"line":269,"column":null}},"loc":{"start":{"line":269,"column":0},"end":{"line":281,"column":null}}},"18":{"name":"(anonymous_19)","decl":{"start":{"line":273,"column":0},"end":{"line":273,"column":null}},"loc":{"start":{"line":273,"column":0},"end":{"line":275,"column":null}}},"19":{"name":"(anonymous_20)","decl":{"start":{"line":283,"column":0},"end":{"line":283,"column":null}},"loc":{"start":{"line":283,"column":0},"end":{"line":292,"column":null}}},"20":{"name":"(anonymous_21)","decl":{"start":{"line":294,"column":0},"end":{"line":294,"column":null}},"loc":{"start":{"line":294,"column":0},"end":{"line":322,"column":null}}},"21":{"name":"(anonymous_22)","decl":{"start":{"line":302,"column":0},"end":{"line":302,"column":null}},"loc":{"start":{"line":302,"column":0},"end":{"line":304,"column":null}}},"22":{"name":"(anonymous_23)","decl":{"start":{"line":324,"column":0},"end":{"line":324,"column":null}},"loc":{"start":{"line":324,"column":0},"end":{"line":330,"column":null}}},"23":{"name":"(anonymous_24)","decl":{"start":{"line":332,"column":0},"end":{"line":332,"column":null}},"loc":{"start":{"line":332,"column":0},"end":{"line":335,"column":null}}}},"branchMap":{"0":{"loc":{"start":{"line":118,"column":0},"end":{"line":118,"column":null}},"type":"if","locations":[{"start":{"line":118,"column":0},"end":{"line":118,"column":null}},{"start":{"line":118,"column":0},"end":{"line":118,"column":null}}]},"1":{"loc":{"start":{"line":121,"column":0},"end":{"line":126,"column":null}},"type":"if","locations":[{"start":{"line":121,"column":0},"end":{"line":126,"column":null}},{"start":{"line":121,"column":0},"end":{"line":126,"column":null}}]},"2":{"loc":{"start":{"line":131,"column":0},"end":{"line":131,"column":null}},"type":"cond-expr","locations":[{"start":{"line":131,"column":0},"end":{"line":131,"column":null}},{"start":{"line":131,"column":0},"end":{"line":131,"column":null}}]},"3":{"loc":{"start":{"line":132,"column":0},"end":{"line":132,"column":null}},"type":"cond-expr","locations":[{"start":{"line":132,"column":0},"end":{"line":132,"column":null}},{"start":{"line":132,"column":0},"end":{"line":132,"column":null}}]},"4":{"loc":{"start":{"line":151,"column":0},"end":{"line":151,"column":null}},"type":"binary-expr","locations":[{"start":{"line":151,"column":0},"end":{"line":151,"column":null}},{"start":{"line":151,"column":0},"end":{"line":151,"column":null}}]},"5":{"loc":{"start":{"line":161,"column":0},"end":{"line":161,"column":null}},"type":"binary-expr","locations":[{"start":{"line":161,"column":0},"end":{"line":161,"column":null}},{"start":{"line":161,"column":0},"end":{"line":161,"column":null}}]},"6":{"loc":{"start":{"line":198,"column":0},"end":{"line":198,"column":null}},"type":"if","locations":[{"start":{"line":198,"column":0},"end":{"line":198,"column":null}},{"start":{"line":198,"column":0},"end":{"line":198,"column":null}}]},"7":{"loc":{"start":{"line":207,"column":0},"end":{"line":211,"column":null}},"type":"if","locations":[{"start":{"line":207,"column":0},"end":{"line":211,"column":null}},{"start":{"line":207,"column":0},"end":{"line":211,"column":null}}]},"8":{"loc":{"start":{"line":217,"column":0},"end":{"line":217,"column":null}},"type":"if","locations":[{"start":{"line":217,"column":0},"end":{"line":217,"column":null}},{"start":{"line":217,"column":0},"end":{"line":217,"column":null}}]},"9":{"loc":{"start":{"line":220,"column":0},"end":{"line":220,"column":null}},"type":"if","locations":[{"start":{"line":220,"column":0},"end":{"line":220,"column":null}},{"start":{"line":220,"column":0},"end":{"line":220,"column":null}}]},"10":{"loc":{"start":{"line":229,"column":0},"end":{"line":232,"column":null}},"type":"if","locations":[{"start":{"line":229,"column":0},"end":{"line":232,"column":null}},{"start":{"line":229,"column":0},"end":{"line":232,"column":null}}]},"11":{"loc":{"start":{"line":240,"column":0},"end":{"line":240,"column":null}},"type":"if","locations":[{"start":{"line":240,"column":0},"end":{"line":240,"column":null}},{"start":{"line":240,"column":0},"end":{"line":240,"column":null}}]},"12":{"loc":{"start":{"line":247,"column":0},"end":{"line":247,"column":null}},"type":"if","locations":[{"start":{"line":247,"column":0},"end":{"line":247,"column":null}},{"start":{"line":247,"column":0},"end":{"line":247,"column":null}}]},"13":{"loc":{"start":{"line":254,"column":0},"end":{"line":262,"column":null}},"type":"if","locations":[{"start":{"line":254,"column":0},"end":{"line":262,"column":null}},{"start":{"line":254,"column":0},"end":{"line":262,"column":null}}]},"14":{"loc":{"start":{"line":269,"column":0},"end":{"line":269,"column":null}},"type":"default-arg","locations":[{"start":{"line":269,"column":0},"end":{"line":269,"column":null}}]},"15":{"loc":{"start":{"line":272,"column":0},"end":{"line":276,"column":null}},"type":"if","locations":[{"start":{"line":272,"column":0},"end":{"line":276,"column":null}},{"start":{"line":272,"column":0},"end":{"line":276,"column":null}}]},"16":{"loc":{"start":{"line":273,"column":0},"end":{"line":273,"column":null}},"type":"binary-expr","locations":[{"start":{"line":273,"column":0},"end":{"line":273,"column":null}},{"start":{"line":273,"column":0},"end":{"line":273,"column":null}}]},"17":{"loc":{"start":{"line":288,"column":0},"end":{"line":288,"column":null}},"type":"if","locations":[{"start":{"line":288,"column":0},"end":{"line":288,"column":null}},{"start":{"line":288,"column":0},"end":{"line":288,"column":null}}]},"18":{"loc":{"start":{"line":294,"column":0},"end":{"line":294,"column":null}},"type":"default-arg","locations":[{"start":{"line":294,"column":0},"end":{"line":294,"column":null}}]},"19":{"loc":{"start":{"line":295,"column":0},"end":{"line":295,"column":null}},"type":"if","locations":[{"start":{"line":295,"column":0},"end":{"line":295,"column":null}},{"start":{"line":295,"column":0},"end":{"line":295,"column":null}}]},"20":{"loc":{"start":{"line":298,"column":0},"end":{"line":308,"column":null}},"type":"if","locations":[{"start":{"line":298,"column":0},"end":{"line":308,"column":null}},{"start":{"line":298,"column":0},"end":{"line":308,"column":null}}]},"21":{"loc":{"start":{"line":299,"column":0},"end":{"line":305,"column":null}},"type":"if","locations":[{"start":{"line":299,"column":0},"end":{"line":305,"column":null}},{"start":{"line":299,"column":0},"end":{"line":305,"column":null}}]},"22":{"loc":{"start":{"line":312,"column":0},"end":{"line":312,"column":null}},"type":"cond-expr","locations":[{"start":{"line":312,"column":0},"end":{"line":312,"column":null}},{"start":{"line":312,"column":0},"end":{"line":312,"column":null}}]},"23":{"loc":{"start":{"line":325,"column":0},"end":{"line":325,"column":null}},"type":"if","locations":[{"start":{"line":325,"column":0},"end":{"line":325,"column":null}},{"start":{"line":325,"column":0},"end":{"line":325,"column":null}}]}},"s":{"0":5,"1":5,"2":5,"3":5,"4":5,"5":5,"6":5,"7":5,"8":74,"9":74,"10":74,"11":74,"12":227,"13":79,"14":1,"15":78,"16":78,"17":0,"18":0,"19":0,"20":0,"21":0,"22":0,"23":0,"24":0,"25":0,"26":0,"27":74,"28":74,"29":74,"30":74,"31":74,"32":74,"33":74,"34":74,"35":74,"36":74,"37":74,"38":0,"39":0,"40":0,"41":74,"42":74,"43":74,"44":74,"45":74,"46":0,"47":74,"48":74,"49":74,"50":74,"51":74,"52":74,"53":74,"54":74,"55":74,"56":74,"57":5,"58":5,"59":5,"60":2,"61":2,"62":2,"63":2,"64":2,"65":0,"66":0,"67":0,"68":0,"69":0,"70":0,"71":0,"72":0,"73":0,"74":0,"75":0,"76":0,"77":0,"78":0,"79":0,"80":0,"81":0,"82":0,"83":0,"84":0,"85":0,"86":0,"87":0,"88":0,"89":0,"90":0,"91":74,"92":74},"f":{"0":74,"1":74,"2":74,"3":74,"4":153,"5":0,"6":0,"7":0,"8":74,"9":74,"10":0,"11":74,"12":74,"13":5,"14":2,"15":0,"16":0,"17":0,"18":0,"19":0,"20":0,"21":0,"22":0,"23":74},"b":{"0":[74,79],"1":[1,78],"2":[5,73],"3":[5,73],"4":[0,0],"5":[0,0],"6":[0,74],"7":[0,74],"8":[0,74],"9":[0,74],"10":[74,0],"11":[0,5],"12":[0,2],"13":[2,0],"14":[0],"15":[0,0],"16":[0,0],"17":[0,0],"18":[0],"19":[0,0],"20":[0,0],"21":[0,0],"22":[0,0],"23":[0,0]}}
,"C:\\Users\\ragnar\\proyectos\\vue-flux\\src\\controllers\\Display.js": {"path":"C:\\Users\\ragnar\\proyectos\\vue-flux\\src\\controllers\\Display.js","statementMap":{"0":{"start":{"line":4,"column":2},"end":{"line":4,"column":15}},"1":{"start":{"line":8,"column":14},"end":{"line":13,"column":3}},"2":{"start":{"line":15,"column":2},"end":{"line":15,"column":58}},"3":{"start":{"line":15,"column":39},"end":{"line":15,"column":55}},"4":{"start":{"line":19,"column":2},"end":{"line":19,"column":68}},"5":{"start":{"line":23,"column":15},"end":{"line":23,"column":19}},"6":{"start":{"line":25,"column":2},"end":{"line":26,"column":10}},"7":{"start":{"line":26,"column":3},"end":{"line":26,"column":10}},"8":{"start":{"line":28,"column":16},"end":{"line":33,"column":3}},"9":{"start":{"line":35,"column":16},"end":{"line":35,"column":34}},"10":{"start":{"line":37,"column":2},"end":{"line":39,"column":5}},"11":{"start":{"line":38,"column":3},"end":{"line":38,"column":63}},"12":{"start":{"line":41,"column":2},"end":{"line":41,"column":31}},"13":{"start":{"line":45,"column":15},"end":{"line":45,"column":19}},"14":{"start":{"line":47,"column":16},"end":{"line":52,"column":3}},"15":{"start":{"line":54,"column":2},"end":{"line":56,"column":5}},"16":{"start":{"line":55,"column":3},"end":{"line":55,"column":65}},"17":{"start":{"line":58,"column":2},"end":{"line":58,"column":30}}},"fnMap":{"0":{"name":"(anonymous_0)","decl":{"start":{"line":3,"column":1},"end":{"line":3,"column":2}},"loc":{"start":{"line":3,"column":17},"end":{"line":5,"column":2}},"line":3},"1":{"name":"(anonymous_1)","decl":{"start":{"line":7,"column":1},"end":{"line":7,"column":2}},"loc":{"start":{"line":7,"column":20},"end":{"line":16,"column":2}},"line":7},"2":{"name":"(anonymous_2)","decl":{"start":{"line":15,"column":31},"end":{"line":15,"column":32}},"loc":{"start":{"line":15,"column":39},"end":{"line":15,"column":55}},"line":15},"3":{"name":"(anonymous_3)","decl":{"start":{"line":18,"column":1},"end":{"line":18,"column":2}},"loc":{"start":{"line":18,"column":20},"end":{"line":20,"column":2}},"line":18},"4":{"name":"(anonymous_4)","decl":{"start":{"line":22,"column":1},"end":{"line":22,"column":2}},"loc":{"start":{"line":22,"column":25},"end":{"line":42,"column":2}},"line":22},"5":{"name":"(anonymous_5)","decl":{"start":{"line":37,"column":15},"end":{"line":37,"column":16}},"loc":{"start":{"line":37,"column":27},"end":{"line":39,"column":3}},"line":37},"6":{"name":"(anonymous_6)","decl":{"start":{"line":44,"column":1},"end":{"line":44,"column":2}},"loc":{"start":{"line":44,"column":24},"end":{"line":59,"column":2}},"line":44},"7":{"name":"(anonymous_7)","decl":{"start":{"line":54,"column":15},"end":{"line":54,"column":16}},"loc":{"start":{"line":54,"column":27},"end":{"line":56,"column":3}},"line":54}},"branchMap":{"0":{"loc":{"start":{"line":19,"column":2},"end":{"line":19,"column":67}},"type":"cond-expr","locations":[{"start":{"line":19,"column":21},"end":{"line":19,"column":42}},{"start":{"line":19,"column":45},"end":{"line":19,"column":67}}],"line":19},"1":{"loc":{"start":{"line":25,"column":2},"end":{"line":26,"column":10}},"type":"if","locations":[{"start":{"line":25,"column":2},"end":{"line":26,"column":10}},{"start":{"line":25,"column":2},"end":{"line":26,"column":10}}],"line":25},"2":{"loc":{"start":{"line":38,"column":10},"end":{"line":38,"column":62}},"type":"cond-expr","locations":[{"start":{"line":38,"column":29},"end":{"line":38,"column":54}},{"start":{"line":38,"column":57},"end":{"line":38,"column":62}}],"line":38},"3":{"loc":{"start":{"line":38,"column":29},"end":{"line":38,"column":54}},"type":"binary-expr","locations":[{"start":{"line":38,"column":29},"end":{"line":38,"column":46}},{"start":{"line":38,"column":50},"end":{"line":38,"column":54}}],"line":38},"4":{"loc":{"start":{"line":55,"column":10},"end":{"line":55,"column":64}},"type":"cond-expr","locations":[{"start":{"line":55,"column":30},"end":{"line":55,"column":56}},{"start":{"line":55,"column":59},"end":{"line":55,"column":64}}],"line":55},"5":{"loc":{"start":{"line":55,"column":30},"end":{"line":55,"column":56}},"type":"binary-expr","locations":[{"start":{"line":55,"column":30},"end":{"line":55,"column":48}},{"start":{"line":55,"column":52},"end":{"line":55,"column":56}}],"line":55}},"s":{"0":81,"1":83,"2":83,"3":302,"4":2,"5":2,"6":2,"7":1,"8":1,"9":1,"10":1,"11":1,"12":1,"13":1,"14":1,"15":1,"16":1,"17":1},"f":{"0":81,"1":83,"2":302,"3":2,"4":2,"5":1,"6":1,"7":1},"b":{"0":[1,1],"1":[1,1],"2":[1,0],"3":[1,1],"4":[1,0],"5":[1,1]},"_coverageSchema":"43e27e138ebf9cfc5966b082cf9a028302ed4184","hash":"b0cdc4dd0a9fff31df0df51dde3d8188ac961624"}
,"C:\\Users\\ragnar\\proyectos\\vue-flux\\src\\controllers\\Images.js": {"path":"C:\\Users\\ragnar\\proyectos\\vue-flux\\src\\controllers\\Images.js","statementMap":{"0":{"start":{"line":8,"column":2},"end":{"line":8,"column":15}},"1":{"start":{"line":9,"column":2},"end":{"line":9,"column":19}},"2":{"start":{"line":13,"column":14},"end":{"line":13,"column":37}},"3":{"start":{"line":15,"column":2},"end":{"line":16,"column":32}},"4":{"start":{"line":16,"column":3},"end":{"line":16,"column":32}},"5":{"start":{"line":18,"column":2},"end":{"line":18,"column":26}},"6":{"start":{"line":22,"column":2},"end":{"line":22,"column":20}},"7":{"start":{"line":26,"column":2},"end":{"line":26,"column":21}},"8":{"start":{"line":30,"column":2},"end":{"line":30,"column":23}},"9":{"start":{"line":34,"column":2},"end":{"line":35,"column":29}},"10":{"start":{"line":35,"column":3},"end":{"line":35,"column":29}},"11":{"start":{"line":37,"column":2},"end":{"line":37,"column":24}},"12":{"start":{"line":41,"column":14},"end":{"line":41,"column":37}},"13":{"start":{"line":43,"column":2},"end":{"line":44,"column":13}},"14":{"start":{"line":44,"column":3},"end":{"line":44,"column":13}},"15":{"start":{"line":46,"column":2},"end":{"line":46,"column":26}},"16":{"start":{"line":50,"column":2},"end":{"line":51,"column":26}},"17":{"start":{"line":51,"column":3},"end":{"line":51,"column":26}},"18":{"start":{"line":53,"column":2},"end":{"line":53,"column":17}},"19":{"start":{"line":54,"column":2},"end":{"line":54,"column":17}},"20":{"start":{"line":55,"column":2},"end":{"line":55,"column":20}},"21":{"start":{"line":57,"column":2},"end":{"line":62,"column":4}},"22":{"start":{"line":63,"column":2},"end":{"line":63,"column":20}},"23":{"start":{"line":65,"column":2},"end":{"line":65,"column":21}},"24":{"start":{"line":66,"column":2},"end":{"line":66,"column":22}},"25":{"start":{"line":68,"column":2},"end":{"line":68,"column":26}},"26":{"start":{"line":69,"column":2},"end":{"line":69,"column":27}},"27":{"start":{"line":71,"column":2},"end":{"line":71,"column":28}},"28":{"start":{"line":75,"column":2},"end":{"line":75,"column":15}},"29":{"start":{"line":77,"column":2},"end":{"line":77,"column":24}},"30":{"start":{"line":79,"column":21},"end":{"line":79,"column":28}},"31":{"start":{"line":81,"column":2},"end":{"line":81,"column":76}},"32":{"start":{"line":83,"column":2},"end":{"line":87,"column":3}},"33":{"start":{"line":84,"column":3},"end":{"line":84,"column":37}},"34":{"start":{"line":86,"column":3},"end":{"line":86,"column":55}},"35":{"start":{"line":89,"column":2},"end":{"line":89,"column":22}},"36":{"start":{"line":93,"column":25},"end":{"line":93,"column":29}},"37":{"start":{"line":95,"column":2},"end":{"line":95,"column":25}},"38":{"start":{"line":96,"column":2},"end":{"line":96,"column":35}},"39":{"start":{"line":98,"column":17},"end":{"line":98,"column":48}},"40":{"start":{"line":99,"column":2},"end":{"line":99,"column":70}},"41":{"start":{"line":101,"column":2},"end":{"line":101,"column":26}},"42":{"start":{"line":102,"column":2},"end":{"line":102,"column":70}},"43":{"start":{"line":102,"column":35},"end":{"line":102,"column":68}},"44":{"start":{"line":106,"column":17},"end":{"line":106,"column":21}},"45":{"start":{"line":108,"column":2},"end":{"line":108,"column":31}},"46":{"start":{"line":110,"column":2},"end":{"line":111,"column":30}},"47":{"start":{"line":111,"column":3},"end":{"line":111,"column":30}},"48":{"start":{"line":113,"column":2},"end":{"line":113,"column":23}},"49":{"start":{"line":115,"column":2},"end":{"line":115,"column":26}},"50":{"start":{"line":116,"column":2},"end":{"line":116,"column":33}},"51":{"start":{"line":118,"column":2},"end":{"line":119,"column":24}},"52":{"start":{"line":119,"column":3},"end":{"line":119,"column":24}},"53":{"start":{"line":121,"column":2},"end":{"line":121,"column":12}},"54":{"start":{"line":125,"column":25},"end":{"line":125,"column":29}},"55":{"start":{"line":127,"column":2},"end":{"line":127,"column":26}},"56":{"start":{"line":128,"column":2},"end":{"line":128,"column":37}},"57":{"start":{"line":130,"column":2},"end":{"line":130,"column":47}},"58":{"start":{"line":131,"column":2},"end":{"line":131,"column":26}},"59":{"start":{"line":132,"column":2},"end":{"line":132,"column":70}},"60":{"start":{"line":132,"column":35},"end":{"line":132,"column":68}},"61":{"start":{"line":136,"column":2},"end":{"line":136,"column":31}},"62":{"start":{"line":137,"column":2},"end":{"line":137,"column":23}},"63":{"start":{"line":139,"column":2},"end":{"line":139,"column":27}},"64":{"start":{"line":140,"column":2},"end":{"line":140,"column":40}},"65":{"start":{"line":144,"column":21},"end":{"line":144,"column":28}},"66":{"start":{"line":145,"column":14},"end":{"line":145,"column":75}},"67":{"start":{"line":147,"column":2},"end":{"line":162,"column":5}},"68":{"start":{"line":148,"column":3},"end":{"line":148,"column":25}},"69":{"start":{"line":151,"column":3},"end":{"line":151,"column":25}},"70":{"start":{"line":154,"column":3},"end":{"line":154,"column":25}},"71":{"start":{"line":155,"column":3},"end":{"line":155,"column":23}},"72":{"start":{"line":157,"column":3},"end":{"line":158,"column":26}},"73":{"start":{"line":158,"column":4},"end":{"line":158,"column":26}},"74":{"start":{"line":160,"column":3},"end":{"line":161,"column":60}},"75":{"start":{"line":161,"column":4},"end":{"line":161,"column":60}},"76":{"start":{"line":166,"column":2},"end":{"line":166,"column":24}},"77":{"start":{"line":168,"column":2},"end":{"line":178,"column":3}},"78":{"start":{"line":169,"column":3},"end":{"line":177,"column":4}},"79":{"start":{"line":170,"column":4},"end":{"line":171,"column":14}},"80":{"start":{"line":171,"column":5},"end":{"line":171,"column":14}},"81":{"start":{"line":173,"column":4},"end":{"line":174,"column":24}},"82":{"start":{"line":174,"column":5},"end":{"line":174,"column":24}},"83":{"start":{"line":176,"column":4},"end":{"line":176,"column":10}},"84":{"start":{"line":182,"column":2},"end":{"line":182,"column":22}},"85":{"start":{"line":185,"column":2},"end":{"line":185,"column":22}},"86":{"start":{"line":189,"column":2},"end":{"line":189,"column":77}},"87":{"start":{"line":193,"column":17},"end":{"line":193,"column":68}},"88":{"start":{"line":193,"column":44},"end":{"line":193,"column":67}},"89":{"start":{"line":195,"column":2},"end":{"line":195,"column":27}},"90":{"start":{"line":197,"column":2},"end":{"line":197,"column":20}},"91":{"start":{"line":198,"column":2},"end":{"line":198,"column":26}},"92":{"start":{"line":202,"column":2},"end":{"line":202,"column":47}},"93":{"start":{"line":202,"column":32},"end":{"line":202,"column":45}},"94":{"start":{"line":206,"column":2},"end":{"line":207,"column":20}},"95":{"start":{"line":207,"column":3},"end":{"line":207,"column":20}},"96":{"start":{"line":209,"column":2},"end":{"line":210,"column":20}},"97":{"start":{"line":210,"column":3},"end":{"line":210,"column":20}},"98":{"start":{"line":212,"column":2},"end":{"line":213,"column":56}},"99":{"start":{"line":213,"column":3},"end":{"line":213,"column":56}},"100":{"start":{"line":215,"column":2},"end":{"line":215,"column":26}}},"fnMap":{"0":{"name":"(anonymous_0)","decl":{"start":{"line":7,"column":1},"end":{"line":7,"column":2}},"loc":{"start":{"line":7,"column":17},"end":{"line":10,"column":2}},"line":7},"1":{"name":"(anonymous_1)","decl":{"start":{"line":12,"column":1},"end":{"line":12,"column":2}},"loc":{"start":{"line":12,"column":12},"end":{"line":19,"column":2}},"line":12},"2":{"name":"(anonymous_2)","decl":{"start":{"line":21,"column":1},"end":{"line":21,"column":2}},"loc":{"start":{"line":21,"column":12},"end":{"line":23,"column":2}},"line":21},"3":{"name":"(anonymous_3)","decl":{"start":{"line":25,"column":1},"end":{"line":25,"column":2}},"loc":{"start":{"line":25,"column":17},"end":{"line":27,"column":2}},"line":25},"4":{"name":"(anonymous_4)","decl":{"start":{"line":29,"column":1},"end":{"line":29,"column":2}},"loc":{"start":{"line":29,"column":15},"end":{"line":31,"column":2}},"line":29},"5":{"name":"(anonymous_5)","decl":{"start":{"line":33,"column":1},"end":{"line":33,"column":2}},"loc":{"start":{"line":33,"column":20},"end":{"line":38,"column":2}},"line":33},"6":{"name":"(anonymous_6)","decl":{"start":{"line":40,"column":1},"end":{"line":40,"column":2}},"loc":{"start":{"line":40,"column":12},"end":{"line":47,"column":2}},"line":40},"7":{"name":"(anonymous_7)","decl":{"start":{"line":49,"column":1},"end":{"line":49,"column":2}},"loc":{"start":{"line":49,"column":21},"end":{"line":72,"column":2}},"line":49},"8":{"name":"(anonymous_8)","decl":{"start":{"line":74,"column":1},"end":{"line":74,"column":2}},"loc":{"start":{"line":74,"column":14},"end":{"line":90,"column":2}},"line":74},"9":{"name":"(anonymous_9)","decl":{"start":{"line":92,"column":1},"end":{"line":92,"column":2}},"loc":{"start":{"line":92,"column":16},"end":{"line":103,"column":2}},"line":92},"10":{"name":"(anonymous_10)","decl":{"start":{"line":102,"column":23},"end":{"line":102,"column":24}},"loc":{"start":{"line":102,"column":35},"end":{"line":102,"column":68}},"line":102},"11":{"name":"(anonymous_11)","decl":{"start":{"line":105,"column":1},"end":{"line":105,"column":2}},"loc":{"start":{"line":105,"column":14},"end":{"line":122,"column":2}},"line":105},"12":{"name":"(anonymous_12)","decl":{"start":{"line":124,"column":1},"end":{"line":124,"column":2}},"loc":{"start":{"line":124,"column":17},"end":{"line":133,"column":2}},"line":124},"13":{"name":"(anonymous_13)","decl":{"start":{"line":132,"column":23},"end":{"line":132,"column":24}},"loc":{"start":{"line":132,"column":35},"end":{"line":132,"column":68}},"line":132},"14":{"name":"(anonymous_14)","decl":{"start":{"line":135,"column":1},"end":{"line":135,"column":2}},"loc":{"start":{"line":135,"column":15},"end":{"line":141,"column":2}},"line":135},"15":{"name":"(anonymous_15)","decl":{"start":{"line":143,"column":1},"end":{"line":143,"column":2}},"loc":{"start":{"line":143,"column":29},"end":{"line":163,"column":2}},"line":143},"16":{"name":"(anonymous_16)","decl":{"start":{"line":147,"column":25},"end":{"line":147,"column":26}},"loc":{"start":{"line":147,"column":31},"end":{"line":150,"column":3}},"line":147},"17":{"name":"(anonymous_17)","decl":{"start":{"line":150,"column":11},"end":{"line":150,"column":12}},"loc":{"start":{"line":150,"column":20},"end":{"line":153,"column":3}},"line":150},"18":{"name":"(anonymous_18)","decl":{"start":{"line":153,"column":13},"end":{"line":153,"column":14}},"loc":{"start":{"line":153,"column":19},"end":{"line":162,"column":3}},"line":153},"19":{"name":"(anonymous_19)","decl":{"start":{"line":165,"column":1},"end":{"line":165,"column":2}},"loc":{"start":{"line":165,"column":15},"end":{"line":179,"column":2}},"line":165},"20":{"name":"(anonymous_20)","decl":{"start":{"line":181,"column":1},"end":{"line":181,"column":2}},"loc":{"start":{"line":181,"column":18},"end":{"line":186,"column":2}},"line":181},"21":{"name":"(anonymous_21)","decl":{"start":{"line":188,"column":1},"end":{"line":188,"column":2}},"loc":{"start":{"line":188,"column":18},"end":{"line":190,"column":2}},"line":188},"22":{"name":"(anonymous_22)","decl":{"start":{"line":192,"column":1},"end":{"line":192,"column":2}},"loc":{"start":{"line":192,"column":25},"end":{"line":199,"column":2}},"line":192},"23":{"name":"(anonymous_23)","decl":{"start":{"line":193,"column":37},"end":{"line":193,"column":38}},"loc":{"start":{"line":193,"column":44},"end":{"line":193,"column":67}},"line":193},"24":{"name":"(anonymous_24)","decl":{"start":{"line":201,"column":1},"end":{"line":201,"column":2}},"loc":{"start":{"line":201,"column":17},"end":{"line":203,"column":2}},"line":201},"25":{"name":"(anonymous_25)","decl":{"start":{"line":202,"column":20},"end":{"line":202,"column":21}},"loc":{"start":{"line":202,"column":32},"end":{"line":202,"column":45}},"line":202},"26":{"name":"(anonymous_26)","decl":{"start":{"line":205,"column":1},"end":{"line":205,"column":2}},"loc":{"start":{"line":205,"column":19},"end":{"line":216,"column":2}},"line":205}},"branchMap":{"0":{"loc":{"start":{"line":15,"column":2},"end":{"line":16,"column":32}},"type":"if","locations":[{"start":{"line":15,"column":2},"end":{"line":16,"column":32}},{"start":{"line":15,"column":2},"end":{"line":16,"column":32}}],"line":15},"1":{"loc":{"start":{"line":34,"column":2},"end":{"line":35,"column":29}},"type":"if","locations":[{"start":{"line":34,"column":2},"end":{"line":35,"column":29}},{"start":{"line":34,"column":2},"end":{"line":35,"column":29}}],"line":34},"2":{"loc":{"start":{"line":43,"column":2},"end":{"line":44,"column":13}},"type":"if","locations":[{"start":{"line":43,"column":2},"end":{"line":44,"column":13}},{"start":{"line":43,"column":2},"end":{"line":44,"column":13}}],"line":43},"3":{"loc":{"start":{"line":49,"column":7},"end":{"line":49,"column":19}},"type":"default-arg","locations":[{"start":{"line":49,"column":14},"end":{"line":49,"column":19}}],"line":49},"4":{"loc":{"start":{"line":50,"column":2},"end":{"line":51,"column":26}},"type":"if","locations":[{"start":{"line":50,"column":2},"end":{"line":51,"column":26}},{"start":{"line":50,"column":2},"end":{"line":51,"column":26}}],"line":50},"5":{"loc":{"start":{"line":81,"column":19},"end":{"line":81,"column":75}},"type":"cond-expr","locations":[{"start":{"line":81,"column":36},"end":{"line":81,"column":56}},{"start":{"line":81,"column":59},"end":{"line":81,"column":75}}],"line":81},"6":{"loc":{"start":{"line":83,"column":2},"end":{"line":87,"column":3}},"type":"if","locations":[{"start":{"line":83,"column":2},"end":{"line":87,"column":3}},{"start":{"line":83,"column":2},"end":{"line":87,"column":3}}],"line":83},"7":{"loc":{"start":{"line":110,"column":2},"end":{"line":111,"column":30}},"type":"if","locations":[{"start":{"line":110,"column":2},"end":{"line":111,"column":30}},{"start":{"line":110,"column":2},"end":{"line":111,"column":30}}],"line":110},"8":{"loc":{"start":{"line":110,"column":6},"end":{"line":110,"column":80}},"type":"binary-expr","locations":[{"start":{"line":110,"column":6},"end":{"line":110,"column":42}},{"start":{"line":110,"column":46},"end":{"line":110,"column":80}}],"line":110},"9":{"loc":{"start":{"line":118,"column":2},"end":{"line":119,"column":24}},"type":"if","locations":[{"start":{"line":118,"column":2},"end":{"line":119,"column":24}},{"start":{"line":118,"column":2},"end":{"line":119,"column":24}}],"line":118},"10":{"loc":{"start":{"line":157,"column":3},"end":{"line":158,"column":26}},"type":"if","locations":[{"start":{"line":157,"column":3},"end":{"line":158,"column":26}},{"start":{"line":157,"column":3},"end":{"line":158,"column":26}}],"line":157},"11":{"loc":{"start":{"line":160,"column":3},"end":{"line":161,"column":60}},"type":"if","locations":[{"start":{"line":160,"column":3},"end":{"line":161,"column":60}},{"start":{"line":160,"column":3},"end":{"line":161,"column":60}}],"line":160},"12":{"loc":{"start":{"line":161,"column":4},"end":{"line":161,"column":59}},"type":"cond-expr","locations":[{"start":{"line":161,"column":21},"end":{"line":161,"column":38}},{"start":{"line":161,"column":41},"end":{"line":161,"column":59}}],"line":161},"13":{"loc":{"start":{"line":168,"column":2},"end":{"line":178,"column":3}},"type":"if","locations":[{"start":{"line":168,"column":2},"end":{"line":178,"column":3}},{"start":{"line":168,"column":2},"end":{"line":178,"column":3}}],"line":168},"14":{"loc":{"start":{"line":168,"column":6},"end":{"line":168,"column":38}},"type":"binary-expr","locations":[{"start":{"line":168,"column":6},"end":{"line":168,"column":21}},{"start":{"line":168,"column":25},"end":{"line":168,"column":38}}],"line":168},"15":{"loc":{"start":{"line":170,"column":4},"end":{"line":171,"column":14}},"type":"if","locations":[{"start":{"line":170,"column":4},"end":{"line":171,"column":14}},{"start":{"line":170,"column":4},"end":{"line":171,"column":14}}],"line":170},"16":{"loc":{"start":{"line":173,"column":4},"end":{"line":174,"column":24}},"type":"if","locations":[{"start":{"line":173,"column":4},"end":{"line":174,"column":24}},{"start":{"line":173,"column":4},"end":{"line":174,"column":24}}],"line":173},"17":{"loc":{"start":{"line":189,"column":18},"end":{"line":189,"column":76}},"type":"binary-expr","locations":[{"start":{"line":189,"column":18},"end":{"line":189,"column":71}},{"start":{"line":189,"column":75},"end":{"line":189,"column":76}}],"line":189},"18":{"loc":{"start":{"line":206,"column":2},"end":{"line":207,"column":20}},"type":"if","locations":[{"start":{"line":206,"column":2},"end":{"line":207,"column":20}},{"start":{"line":206,"column":2},"end":{"line":207,"column":20}}],"line":206},"19":{"loc":{"start":{"line":209,"column":2},"end":{"line":210,"column":20}},"type":"if","locations":[{"start":{"line":209,"column":2},"end":{"line":210,"column":20}},{"start":{"line":209,"column":2},"end":{"line":210,"column":20}}],"line":209},"20":{"loc":{"start":{"line":212,"column":2},"end":{"line":213,"column":56}},"type":"if","locations":[{"start":{"line":212,"column":2},"end":{"line":213,"column":56}},{"start":{"line":212,"column":2},"end":{"line":213,"column":56}}],"line":212}},"s":{"0":107,"1":107,"2":3,"3":3,"4":2,"5":3,"6":3,"7":8,"8":177,"9":14,"10":1,"11":14,"12":4,"13":4,"14":3,"15":4,"16":186,"17":108,"18":186,"19":186,"20":186,"21":186,"22":186,"23":186,"24":186,"25":186,"26":186,"27":186,"28":78,"29":78,"30":78,"31":78,"32":78,"33":77,"34":1,"35":78,"36":80,"37":80,"38":80,"39":80,"40":80,"41":80,"42":80,"43":9,"44":6,"45":6,"46":6,"47":1,"48":5,"49":5,"50":5,"51":5,"52":1,"53":5,"54":1,"55":1,"56":1,"57":1,"58":1,"59":1,"60":2,"61":3,"62":3,"63":3,"64":3,"65":17,"66":17,"67":17,"68":5,"69":1,"70":6,"71":6,"72":6,"73":2,"74":6,"75":4,"76":7,"77":7,"78":4,"79":7,"80":3,"81":4,"82":1,"83":4,"84":1,"85":1,"86":4,"87":10,"88":7,"89":10,"90":10,"91":10,"92":9,"93":3,"94":4,"95":1,"96":3,"97":1,"98":2,"99":1,"100":1},"f":{"0":107,"1":3,"2":3,"3":8,"4":177,"5":14,"6":4,"7":186,"8":78,"9":80,"10":9,"11":6,"12":1,"13":2,"14":3,"15":17,"16":5,"17":1,"18":6,"19":7,"20":1,"21":4,"22":10,"23":7,"24":9,"25":3,"26":4},"b":{"0":[2,1],"1":[1,13],"2":[3,1],"3":[78],"4":[108,78],"5":[77,1],"6":[77,1],"7":[1,5],"8":[6,2],"9":[1,4],"10":[2,4],"11":[4,2],"12":[2,2],"13":[4,3],"14":[7,4],"15":[3,4],"16":[1,3],"17":[4,1],"18":[1,3],"19":[1,2],"20":[1,1]},"_coverageSchema":"43e27e138ebf9cfc5966b082cf9a028302ed4184","hash":"4256ab24050c6aa3b8833520d9f3b72fe5d13bb6"}
,"C:\\Users\\ragnar\\proyectos\\vue-flux\\src\\controllers\\Timers.js": {"path":"C:\\Users\\ragnar\\proyectos\\vue-flux\\src\\controllers\\Timers.js","statementMap":{"0":{"start":{"line":3,"column":2},"end":{"line":3,"column":19}},"1":{"start":{"line":7,"column":2},"end":{"line":7,"column":20}},"2":{"start":{"line":8,"column":2},"end":{"line":8,"column":44}},"3":{"start":{"line":12,"column":15},"end":{"line":12,"column":58}},"4":{"start":{"line":14,"column":2},"end":{"line":17,"column":5}},"5":{"start":{"line":15,"column":3},"end":{"line":15,"column":36}},"6":{"start":{"line":16,"column":3},"end":{"line":16,"column":34}}},"fnMap":{"0":{"name":"(anonymous_0)","decl":{"start":{"line":2,"column":1},"end":{"line":2,"column":2}},"loc":{"start":{"line":2,"column":15},"end":{"line":4,"column":2}},"line":2},"1":{"name":"(anonymous_1)","decl":{"start":{"line":6,"column":1},"end":{"line":6,"column":2}},"loc":{"start":{"line":6,"column":22},"end":{"line":9,"column":2}},"line":6},"2":{"name":"(anonymous_2)","decl":{"start":{"line":11,"column":1},"end":{"line":11,"column":2}},"loc":{"start":{"line":11,"column":14},"end":{"line":18,"column":2}},"line":11},"3":{"name":"(anonymous_3)","decl":{"start":{"line":14,"column":17},"end":{"line":14,"column":18}},"loc":{"start":{"line":14,"column":26},"end":{"line":17,"column":3}},"line":14}},"branchMap":{"0":{"loc":{"start":{"line":12,"column":15},"end":{"line":12,"column":58}},"type":"cond-expr","locations":[{"start":{"line":12,"column":22},"end":{"line":12,"column":31}},{"start":{"line":12,"column":34},"end":{"line":12,"column":58}}],"line":12}},"s":{"0":78,"1":8,"2":8,"3":24,"4":24,"5":26,"6":26},"f":{"0":78,"1":8,"2":24,"3":26},"b":{"0":[23,1]},"_coverageSchema":"43e27e138ebf9cfc5966b082cf9a028302ed4184","hash":"3128c92868dc556affeaec83df3eebdf2188b4a1"}
,"C:\\Users\\ragnar\\proyectos\\vue-flux\\src\\controllers\\Touches.js": {"path":"C:\\Users\\ragnar\\proyectos\\vue-flux\\src\\controllers\\Touches.js","statementMap":{"0":{"start":{"line":4,"column":2},"end":{"line":4,"column":15}},"1":{"start":{"line":6,"column":2},"end":{"line":6,"column":18}},"2":{"start":{"line":7,"column":2},"end":{"line":7,"column":18}},"3":{"start":{"line":8,"column":2},"end":{"line":8,"column":21}},"4":{"start":{"line":9,"column":2},"end":{"line":9,"column":19}},"5":{"start":{"line":10,"column":2},"end":{"line":10,"column":25}},"6":{"start":{"line":13,"column":2},"end":{"line":13,"column":24}},"7":{"start":{"line":16,"column":2},"end":{"line":16,"column":32}},"8":{"start":{"line":19,"column":2},"end":{"line":19,"column":26}},"9":{"start":{"line":23,"column":2},"end":{"line":24,"column":10}},"10":{"start":{"line":24,"column":3},"end":{"line":24,"column":10}},"11":{"start":{"line":26,"column":2},"end":{"line":26,"column":30}},"12":{"start":{"line":27,"column":2},"end":{"line":27,"column":41}},"13":{"start":{"line":28,"column":2},"end":{"line":28,"column":41}},"14":{"start":{"line":32,"column":15},"end":{"line":32,"column":19}},"15":{"start":{"line":34,"column":2},"end":{"line":34,"column":36}},"16":{"start":{"line":35,"column":2},"end":{"line":35,"column":28}},"17":{"start":{"line":37,"column":16},"end":{"line":37,"column":61}},"18":{"start":{"line":38,"column":16},"end":{"line":38,"column":61}},"19":{"start":{"line":40,"column":2},"end":{"line":43,"column":3}},"20":{"start":{"line":41,"column":3},"end":{"line":41,"column":28}},"21":{"start":{"line":42,"column":3},"end":{"line":42,"column":10}},"22":{"start":{"line":45,"column":2},"end":{"line":46,"column":10}},"23":{"start":{"line":46,"column":3},"end":{"line":46,"column":10}},"24":{"start":{"line":48,"column":2},"end":{"line":52,"column":19}},"25":{"start":{"line":49,"column":3},"end":{"line":49,"column":19}},"26":{"start":{"line":51,"column":7},"end":{"line":52,"column":19}},"27":{"start":{"line":52,"column":3},"end":{"line":52,"column":19}},"28":{"start":{"line":56,"column":2},"end":{"line":56,"column":88}},"29":{"start":{"line":60,"column":2},"end":{"line":60,"column":69}},"30":{"start":{"line":64,"column":2},"end":{"line":64,"column":76}},"31":{"start":{"line":68,"column":2},"end":{"line":68,"column":73}},"32":{"start":{"line":72,"column":2},"end":{"line":72,"column":77}},"33":{"start":{"line":76,"column":2},"end":{"line":76,"column":74}}},"fnMap":{"0":{"name":"(anonymous_0)","decl":{"start":{"line":3,"column":1},"end":{"line":3,"column":2}},"loc":{"start":{"line":3,"column":17},"end":{"line":20,"column":2}},"line":3},"1":{"name":"(anonymous_1)","decl":{"start":{"line":22,"column":1},"end":{"line":22,"column":2}},"loc":{"start":{"line":22,"column":14},"end":{"line":29,"column":2}},"line":22},"2":{"name":"(anonymous_2)","decl":{"start":{"line":31,"column":1},"end":{"line":31,"column":2}},"loc":{"start":{"line":31,"column":12},"end":{"line":53,"column":2}},"line":31},"3":{"name":"(anonymous_3)","decl":{"start":{"line":55,"column":1},"end":{"line":55,"column":2}},"loc":{"start":{"line":55,"column":23},"end":{"line":57,"column":2}},"line":55},"4":{"name":"(anonymous_4)","decl":{"start":{"line":59,"column":1},"end":{"line":59,"column":2}},"loc":{"start":{"line":59,"column":13},"end":{"line":61,"column":2}},"line":59},"5":{"name":"(anonymous_5)","decl":{"start":{"line":63,"column":1},"end":{"line":63,"column":2}},"loc":{"start":{"line":63,"column":20},"end":{"line":65,"column":2}},"line":63},"6":{"name":"(anonymous_6)","decl":{"start":{"line":67,"column":1},"end":{"line":67,"column":2}},"loc":{"start":{"line":67,"column":21},"end":{"line":69,"column":2}},"line":67},"7":{"name":"(anonymous_7)","decl":{"start":{"line":71,"column":1},"end":{"line":71,"column":2}},"loc":{"start":{"line":71,"column":18},"end":{"line":73,"column":2}},"line":71},"8":{"name":"(anonymous_8)","decl":{"start":{"line":75,"column":1},"end":{"line":75,"column":2}},"loc":{"start":{"line":75,"column":20},"end":{"line":77,"column":2}},"line":75}},"branchMap":{"0":{"loc":{"start":{"line":23,"column":2},"end":{"line":24,"column":10}},"type":"if","locations":[{"start":{"line":23,"column":2},"end":{"line":24,"column":10}},{"start":{"line":23,"column":2},"end":{"line":24,"column":10}}],"line":23},"1":{"loc":{"start":{"line":40,"column":2},"end":{"line":43,"column":3}},"type":"if","locations":[{"start":{"line":40,"column":2},"end":{"line":43,"column":3}},{"start":{"line":40,"column":2},"end":{"line":43,"column":3}}],"line":40},"2":{"loc":{"start":{"line":45,"column":2},"end":{"line":46,"column":10}},"type":"if","locations":[{"start":{"line":45,"column":2},"end":{"line":46,"column":10}},{"start":{"line":45,"column":2},"end":{"line":46,"column":10}}],"line":45},"3":{"loc":{"start":{"line":48,"column":2},"end":{"line":52,"column":19}},"type":"if","locations":[{"start":{"line":48,"column":2},"end":{"line":52,"column":19}},{"start":{"line":48,"column":2},"end":{"line":52,"column":19}}],"line":48},"4":{"loc":{"start":{"line":51,"column":7},"end":{"line":52,"column":19}},"type":"if","locations":[{"start":{"line":51,"column":7},"end":{"line":52,"column":19}},{"start":{"line":51,"column":7},"end":{"line":52,"column":19}}],"line":51},"5":{"loc":{"start":{"line":56,"column":9},"end":{"line":56,"column":87}},"type":"binary-expr","locations":[{"start":{"line":56,"column":9},"end":{"line":56,"column":46}},{"start":{"line":56,"column":50},"end":{"line":56,"column":87}}],"line":56},"6":{"loc":{"start":{"line":64,"column":9},"end":{"line":64,"column":75}},"type":"binary-expr","locations":[{"start":{"line":64,"column":9},"end":{"line":64,"column":20}},{"start":{"line":64,"column":24},"end":{"line":64,"column":75}}],"line":64},"7":{"loc":{"start":{"line":68,"column":9},"end":{"line":68,"column":72}},"type":"binary-expr","locations":[{"start":{"line":68,"column":9},"end":{"line":68,"column":20}},{"start":{"line":68,"column":24},"end":{"line":68,"column":72}}],"line":68},"8":{"loc":{"start":{"line":72,"column":9},"end":{"line":72,"column":76}},"type":"binary-expr","locations":[{"start":{"line":72,"column":9},"end":{"line":72,"column":20}},{"start":{"line":72,"column":24},"end":{"line":72,"column":76}}],"line":72},"9":{"loc":{"start":{"line":76,"column":9},"end":{"line":76,"column":73}},"type":"binary-expr","locations":[{"start":{"line":76,"column":9},"end":{"line":76,"column":20}},{"start":{"line":76,"column":24},"end":{"line":76,"column":73}}],"line":76}},"s":{"0":83,"1":83,"2":83,"3":83,"4":83,"5":83,"6":83,"7":83,"8":83,"9":7,"10":1,"11":6,"12":6,"13":6,"14":7,"15":7,"16":7,"17":7,"18":7,"19":7,"20":3,"21":3,"22":4,"23":1,"24":3,"25":1,"26":2,"27":1,"28":7,"29":2,"30":2,"31":3,"32":1,"33":1},"f":{"0":83,"1":7,"2":7,"3":7,"4":2,"5":2,"6":3,"7":1,"8":1},"b":{"0":[1,6],"1":[3,4],"2":[1,3],"3":[1,2],"4":[1,1],"5":[7,3],"6":[2,1],"7":[3,2],"8":[1,1],"9":[1,1]},"_coverageSchema":"43e27e138ebf9cfc5966b082cf9a028302ed4184","hash":"9ad3b81185a146347576bf92234cea9282da28cf"}
,"C:\\Users\\ragnar\\proyectos\\vue-flux\\src\\controllers\\Transitions.js": {"path":"C:\\Users\\ragnar\\proyectos\\vue-flux\\src\\controllers\\Transitions.js","statementMap":{"0":{"start":{"line":4,"column":2},"end":{"line":4,"column":15}},"1":{"start":{"line":5,"column":2},"end":{"line":5,"column":19}},"2":{"start":{"line":9,"column":2},"end":{"line":9,"column":23}},"3":{"start":{"line":13,"column":2},"end":{"line":14,"column":28}},"4":{"start":{"line":14,"column":3},"end":{"line":14,"column":28}},"5":{"start":{"line":16,"column":2},"end":{"line":16,"column":29}},"6":{"start":{"line":20,"column":14},"end":{"line":20,"column":33}},"7":{"start":{"line":22,"column":2},"end":{"line":23,"column":13}},"8":{"start":{"line":23,"column":3},"end":{"line":23,"column":13}},"9":{"start":{"line":25,"column":2},"end":{"line":25,"column":33}},"10":{"start":{"line":29,"column":2},"end":{"line":32,"column":3}},"11":{"start":{"line":30,"column":3},"end":{"line":30,"column":25}},"12":{"start":{"line":31,"column":3},"end":{"line":31,"column":25}},"13":{"start":{"line":34,"column":2},"end":{"line":34,"column":27}},"14":{"start":{"line":35,"column":2},"end":{"line":35,"column":24}},"15":{"start":{"line":36,"column":2},"end":{"line":36,"column":22}},"16":{"start":{"line":40,"column":2},"end":{"line":40,"column":19}},"17":{"start":{"line":42,"column":2},"end":{"line":46,"column":6}},"18":{"start":{"line":42,"column":57},"end":{"line":46,"column":3}},"19":{"start":{"line":48,"column":2},"end":{"line":48,"column":60}},"20":{"start":{"line":50,"column":2},"end":{"line":50,"column":39}},"21":{"start":{"line":54,"column":2},"end":{"line":54,"column":37}},"22":{"start":{"line":56,"column":2},"end":{"line":68,"column":3}},"23":{"start":{"line":57,"column":14},"end":{"line":57,"column":43}},"24":{"start":{"line":59,"column":15},"end":{"line":59,"column":64}},"25":{"start":{"line":59,"column":45},"end":{"line":59,"column":63}},"26":{"start":{"line":61,"column":3},"end":{"line":62,"column":67}},"27":{"start":{"line":62,"column":4},"end":{"line":62,"column":67}},"28":{"start":{"line":64,"column":3},"end":{"line":64,"column":29}},"29":{"start":{"line":67,"column":3},"end":{"line":67,"column":33}},"30":{"start":{"line":70,"column":2},"end":{"line":75,"column":3}},"31":{"start":{"line":71,"column":3},"end":{"line":72,"column":55}},"32":{"start":{"line":72,"column":4},"end":{"line":72,"column":55}},"33":{"start":{"line":74,"column":3},"end":{"line":74,"column":44}},"34":{"start":{"line":77,"column":2},"end":{"line":77,"column":19}},"35":{"start":{"line":78,"column":2},"end":{"line":78,"column":15}},"36":{"start":{"line":79,"column":2},"end":{"line":79,"column":28}},"37":{"start":{"line":83,"column":2},"end":{"line":83,"column":35}},"38":{"start":{"line":87,"column":2},"end":{"line":87,"column":35}},"39":{"start":{"line":89,"column":2},"end":{"line":93,"column":5}},"40":{"start":{"line":97,"column":15},"end":{"line":97,"column":19}},"41":{"start":{"line":99,"column":2},"end":{"line":99,"column":27}},"42":{"start":{"line":100,"column":2},"end":{"line":100,"column":15}},"43":{"start":{"line":102,"column":2},"end":{"line":121,"column":5}},"44":{"start":{"line":103,"column":3},"end":{"line":103,"column":38}},"45":{"start":{"line":105,"column":3},"end":{"line":108,"column":4}},"46":{"start":{"line":106,"column":4},"end":{"line":106,"column":14}},"47":{"start":{"line":107,"column":4},"end":{"line":107,"column":11}},"48":{"start":{"line":110,"column":3},"end":{"line":114,"column":4}},"49":{"start":{"line":111,"column":4},"end":{"line":113,"column":7}},"50":{"start":{"line":112,"column":5},"end":{"line":112,"column":15}},"51":{"start":{"line":116,"column":3},"end":{"line":120,"column":6}}},"fnMap":{"0":{"name":"(anonymous_0)","decl":{"start":{"line":3,"column":1},"end":{"line":3,"column":2}},"loc":{"start":{"line":3,"column":17},"end":{"line":6,"column":2}},"line":3},"1":{"
[...]
44,"column":null}},"6":{"start":{"line":45,"column":0},"end":{"line":45,"column":null}},"7":{"start":{"line":48,"column":0},"end":{"line":48,"column":null}},"8":{"start":{"line":49,"column":0},"end":{"line":49,"column":null}},"9":{"start":{"line":51,"column":0},"end":{"line":51,"column":null}},"10":{"start":{"line":58,"column":0},"end":{"line":58,"column":null}},"11":{"start":{"line":61,"column":0},"end":{"line":61,"column":null}},"12":{"start":{"line":66,"column":0},"end":{"line":72,"column":null}},"13":{"start":{"line":67,"column":0},"end":{"line":67,"column":null}},"14":{"start":{"line":71,"column":0},"end":{"line":71,"column":null}},"15":{"start":{"line":76,"column":0},"end":{"line":76,"column":null}},"16":{"start":{"line":82,"column":0},"end":{"line":82,"column":null}},"17":{"start":{"line":84,"column":0},"end":{"line":84,"column":null}},"18":{"start":{"line":85,"column":0},"end":{"line":85,"column":null}},"19":{"start":{"line":86,"column":0},"end":{"line":86,"column":null}},"20":{"start":{"line":88,"column":0},"end":{"line":88,"column":null}},"21":{"start":{"line":91,"column":0},"end":{"line":91,"column":null}}},"fnMap":{"0":{"name":"(anonymous_1)","decl":{"start":{"line":27,"column":0},"end":{"line":27,"column":null}},"loc":{"start":{"line":27,"column":0},"end":{"line":27,"column":null}}},"1":{"name":"(anonymous_2)","decl":{"start":{"line":40,"column":0},"end":{"line":40,"column":null}},"loc":{"start":{"line":40,"column":0},"end":{"line":55,"column":null}}},"2":{"name":"(anonymous_3)","decl":{"start":{"line":57,"column":0},"end":{"line":57,"column":null}},"loc":{"start":{"line":57,"column":0},"end":{"line":73,"column":null}}},"3":{"name":"(anonymous_4)","decl":{"start":{"line":66,"column":0},"end":{"line":66,"column":null}},"loc":{"start":{"line":66,"column":0},"end":{"line":72,"column":null}}},"4":{"name":"(anonymous_5)","decl":{"start":{"line":75,"column":0},"end":{"line":75,"column":null}},"loc":{"start":{"line":75,"column":0},"end":{"line":78,"column":null}}},"5":{"name":"(anonymous_6)","decl":{"start":{"line":81,"column":0},"end":{"line":81,"column":null}},"loc":{"start":{"line":81,"column":0},"end":{"line":92,"column":null}}}},"branchMap":{"0":{"loc":{"start":{"line":43,"column":0},"end":{"line":46,"column":null}},"type":"if","locations":[{"start":{"line":43,"column":0},"end":{"line":46,"column":null}},{"start":{"line":43,"column":0},"end":{"line":46,"column":null}}]},"1":{"loc":{"start":{"line":48,"column":0},"end":{"line":48,"column":null}},"type":"cond-expr","locations":[{"start":{"line":48,"column":0},"end":{"line":48,"column":null}},{"start":{"line":48,"column":0},"end":{"line":48,"column":null}}]},"2":{"loc":{"start":{"line":58,"column":0},"end":{"line":58,"column":null}},"type":"if","locations":[{"start":{"line":58,"column":0},"end":{"line":58,"column":null}},{"start":{"line":58,"column":0},"end":{"line":58,"column":null}}]},"3":{"loc":{"start":{"line":76,"column":0},"end":{"line":76,"column":null}},"type":"if","locations":[{"start":{"line":76,"column":0},"end":{"line":76,"column":null}},{"start":{"line":76,"column":0},"end":{"line":76,"column":null}}]},"4":{"loc":{"start":{"line":88,"column":0},"end":{"line":88,"column":null}},"type":"if","locations":[{"start":{"line":88,"column":0},"end":{"line":88,"column":null}},{"start":{"line":88,"column":0},"end":{"line":88,"column":null}}]}},"s":{"0":5,"1":5,"2":0,"3":0,"4":0,"5":0,"6":0,"7":0,"8":0,"9":0,"10":0,"11":0,"12":0,"13":0,"14":0,"15":0,"16":0,"17":0,"18":0,"19":0,"20":0,"21":0},"f":{"0":0,"1":0,"2":0,"3":0,"4":0,"5":0},"b":{"0":[0,0],"1":[0,0],"2":[0,0],"3":[0,0],"4":[0,0]}}
,"C:\\Users\\ragnar\\proyectos\\vue-flux\\src\\transitions\\round2.vue": {"path":"C:\\Users\\ragnar\\proyectos\\vue-flux\\src\\transitions\\round2.vue","statementMap":{"0":{"start":{"line":15,"column":0},"end":{"line":15,"column":null}},"1":{"start":{"line":16,"column":0},"end":{"line":16,"column":null}},"2":{"start":{"line":29,"column":0},"end":{"line":29,"column":null}},"3":{"start":{"line":46,"column":0},"end":{"line":46,"column":null}},"4":{"start":{"line":48,"column":0},"end":{"line":51,"column":null}},"5":{"start":{"line":49,"column":0},"end":{"line":49,"column":null}},"6":{"start":{"line":50,"column":0},"end":{"line":50,"column":null}},"7":{"start":{"line":53,"column":0},"end":{"line":53,"column":null}},"8":{"start":{"line":57,"column":0},"end":{"line":63,"column":null}},"9":{"start":{"line":58,"column":0},"end":{"line":58,"column":null}},"10":{"start":{"line":68,"column":0},"end":{"line":68,"column":null}},"11":{"start":{"line":70,"column":0},"end":{"line":70,"column":null}},"12":{"start":{"line":71,"column":0},"end":{"line":71,"column":null}},"13":{"start":{"line":75,"column":0},"end":{"line":82,"column":null}},"14":{"start":{"line":76,"column":0},"end":{"line":76,"column":null}},"15":{"start":{"line":77,"column":0},"end":{"line":77,"column":null}},"16":{"start":{"line":80,"column":0},"end":{"line":80,"column":null}},"17":{"start":{"line":81,"column":0},"end":{"line":81,"column":null}},"18":{"start":{"line":84,"column":0},"end":{"line":84,"column":null}},"19":{"start":{"line":86,"column":0},"end":{"line":86,"column":null}}},"fnMap":{"0":{"name":"(anonymous_1)","decl":{"start":{"line":29,"column":0},"end":{"line":29,"column":null}},"loc":{"start":{"line":29,"column":0},"end":{"line":29,"column":null}}},"1":{"name":"(anonymous_2)","decl":{"start":{"line":45,"column":0},"end":{"line":45,"column":null}},"loc":{"start":{"line":45,"column":0},"end":{"line":54,"column":null}}},"2":{"name":"(anonymous_3)","decl":{"start":{"line":56,"column":0},"end":{"line":56,"column":null}},"loc":{"start":{"line":56,"column":0},"end":{"line":64,"column":null}}},"3":{"name":"(anonymous_4)","decl":{"start":{"line":57,"column":0},"end":{"line":57,"column":null}},"loc":{"start":{"line":57,"column":0},"end":{"line":63,"column":null}}},"4":{"name":"(anonymous_5)","decl":{"start":{"line":67,"column":0},"end":{"line":67,"column":null}},"loc":{"start":{"line":67,"column":0},"end":{"line":87,"column":null}}}},"branchMap":{"0":{"loc":{"start":{"line":48,"column":0},"end":{"line":51,"column":null}},"type":"if","locations":[{"start":{"line":48,"column":0},"end":{"line":51,"column":null}},{"start":{"line":48,"column":0},"end":{"line":51,"column":null}}]},"1":{"loc":{"start":{"line":75,"column":0},"end":{"line":82,"column":null}},"type":"if","locations":[{"start":{"line":75,"column":0},"end":{"line":82,"column":null}},{"start":{"line":75,"column":0},"end":{"line":82,"column":null}}]}},"s":{"0":5,"1":5,"2":0,"3":0,"4":0,"5":0,"6":0,"7":0,"8":0,"9":0,"10":0,"11":0,"12":0,"13":0,"14":0,"15":0,"16":0,"17":0,"18":0,"19":0},"f":{"0":0,"1":0,"2":0,"3":0,"4":0},"b":{"0":[0,0],"1":[0,0]}}
,"C:\\Users\\ragnar\\proyectos\\vue-flux\\src\\transitions\\slide.vue": {"path":"C:\\Users\\ragnar\\proyectos\\vue-flux\\src\\transitions\\slide.vue","statementMap":{"0":{"start":{"line":17,"column":0},"end":{"line":17,"column":null}},"1":{"start":{"line":18,"column":0},"end":{"line":18,"column":null}},"2":{"start":{"line":19,"column":0},"end":{"line":19,"column":null}},"3":{"start":{"line":33,"column":0},"end":{"line":33,"column":null}},"4":{"start":{"line":47,"column":0},"end":{"line":47,"column":null}},"5":{"start":{"line":52,"column":0},"end":{"line":52,"column":null}},"6":{"start":{"line":60,"column":0},"end":{"line":60,"column":null}},"7":{"start":{"line":61,"column":0},"end":{"line":61,"column":null}},"8":{"start":{"line":62,"column":0},"end":{"line":62,"column":null}},"9":{"start":{"line":66,"column":0},"end":{"line":66,"column":null}},"10":{"start":{"line":67,"column":0},"end":{"line":67,"column":null}},"11":{"start":{"line":71,"column":0},"end":{"line":71,"column":null}},"12":{"start":{"line":78,"column":0},"end":{"line":78,"column":null}}},"fnMap":{"0":{"name":"(anonymous_1)","decl":{"start":{"line":33,"column":0},"end":{"line":33,"column":null}},"loc":{"start":{"line":33,"column":0},"end":{"line":33,"column":null}}},"1":{"name":"(anonymous_2)","decl":{"start":{"line":46,"column":0},"end":{"line":46,"column":null}},"loc":{"start":{"line":46,"column":0},"end":{"line":48,"column":null}}},"2":{"name":"(anonymous_3)","decl":{"start":{"line":51,"column":0},"end":{"line":51,"column":null}},"loc":{"start":{"line":51,"column":0},"end":{"line":56,"column":null}}},"3":{"name":"(anonymous_4)","decl":{"start":{"line":59,"column":0},"end":{"line":59,"column":null}},"loc":{"start":{"line":59,"column":0},"end":{"line":63,"column":null}}},"4":{"name":"(anonymous_5)","decl":{"start":{"line":65,"column":0},"end":{"line":65,"column":null}},"loc":{"start":{"line":65,"column":0},"end":{"line":68,"column":null}}},"5":{"name":"(anonymous_6)","decl":{"start":{"line":70,"column":0},"end":{"line":70,"column":null}},"loc":{"start":{"line":70,"column":0},"end":{"line":75,"column":null}}},"6":{"name":"(anonymous_7)","decl":{"start":{"line":77,"column":0},"end":{"line":77,"column":null}},"loc":{"start":{"line":77,"column":0},"end":{"line":82,"column":null}}}},"branchMap":{},"s":{"0":5,"1":5,"2":5,"3":0,"4":0,"5":0,"6":0,"7":0,"8":0,"9":0,"10":0,"11":0,"12":0},"f":{"0":0,"1":0,"2":0,"3":0,"4":0,"5":0,"6":0},"b":{}}
,"C:\\Users\\ragnar\\proyectos\\vue-flux\\src\\transitions\\swipe.vue": {"path":"C:\\Users\\ragnar\\proyectos\\vue-flux\\src\\transitions\\swipe.vue","statementMap":{"0":{"start":{"line":13,"column":0},"end":{"line":13,"column":null}},"1":{"start":{"line":14,"column":0},"end":{"line":14,"column":null}},"2":{"start":{"line":15,"column":0},"end":{"line":15,"column":null}},"3":{"start":{"line":29,"column":0},"end":{"line":29,"column":null}},"4":{"start":{"line":44,"column":0},"end":{"line":44,"column":null}},"5":{"start":{"line":52,"column":0},"end":{"line":52,"column":null}},"6":{"start":{"line":60,"column":0},"end":{"line":60,"column":null}}},"fnMap":{"0":{"name":"(anonymous_1)","decl":{"start":{"line":29,"column":0},"end":{"line":29,"column":null}},"loc":{"start":{"line":29,"column":0},"end":{"line":29,"column":null}}},"1":{"name":"(anonymous_2)","decl":{"start":{"line":43,"column":0},"end":{"line":43,"column":null}},"loc":{"start":{"line":43,"column":0},"end":{"line":48,"column":null}}},"2":{"name":"(anonymous_3)","decl":{"start":{"line":51,"column":0},"end":{"line":51,"column":null}},"loc":{"start":{"line":51,"column":0},"end":{"line":57,"column":null}}},"3":{"name":"(anonymous_4)","decl":{"start":{"line":59,"column":0},"end":{"line":59,"column":null}},"loc":{"start":{"line":59,"column":0},"end":{"line":65,"column":null}}}},"branchMap":{},"s":{"0":5,"1":5,"2":5,"3":0,"4":0,"5":0,"6":0},"f":{"0":0,"1":0,"2":0,"3":0},"b":{}}
,"C:\\Users\\ragnar\\proyectos\\vue-flux\\src\\transitions\\warp.vue": {"path":"C:\\Users\\ragnar\\proyectos\\vue-flux\\src\\transitions\\warp.vue","statementMap":{"0":{"start":{"line":11,"column":0},"end":{"line":11,"column":null}},"1":{"start":{"line":12,"column":0},"end":{"line":12,"column":null}},"2":{"start":{"line":25,"column":0},"end":{"line":25,"column":null}},"3":{"start":{"line":34,"column":0},"end":{"line":34,"column":null}},"4":{"start":{"line":38,"column":0},"end":{"line":44,"column":null}},"5":{"start":{"line":39,"column":0},"end":{"line":39,"column":null}},"6":{"start":{"line":49,"column":0},"end":{"line":49,"column":null}},"7":{"start":{"line":53,"column":0},"end":{"line":53,"column":null}},"8":{"start":{"line":57,"column":0},"end":{"line":57,"column":null}}},"fnMap":{"0":{"name":"(anonymous_1)","decl":{"start":{"line":25,"column":0},"end":{"line":25,"column":null}},"loc":{"start":{"line":25,"column":0},"end":{"line":25,"column":null}}},"1":{"name":"(anonymous_2)","decl":{"start":{"line":33,"column":0},"end":{"line":33,"column":null}},"loc":{"start":{"line":33,"column":0},"end":{"line":35,"column":null}}},"2":{"name":"(anonymous_3)","decl":{"start":{"line":37,"column":0},"end":{"line":37,"column":null}},"loc":{"start":{"line":37,"column":0},"end":{"line":45,"column":null}}},"3":{"name":"(anonymous_4)","decl":{"start":{"line":38,"column":0},"end":{"line":38,"column":null}},"loc":{"start":{"line":38,"column":0},"end":{"line":44,"column":null}}},"4":{"name":"(anonymous_5)","decl":{"start":{"line":48,"column":0},"end":{"line":48,"column":null}},"loc":{"start":{"line":48,"column":0},"end":{"line":50,"column":null}}},"5":{"name":"(anonymous_6)","decl":{"start":{"line":52,"column":0},"end":{"line":52,"column":null}},"loc":{"start":{"line":52,"column":0},"end":{"line":54,"column":null}}},"6":{"name":"(anonymous_7)","decl":{"start":{"line":56,"column":0},"end":{"line":56,"column":null}},"loc":{"start":{"line":56,"column":0},"end":{"line":58,"column":null}}}},"branchMap":{"0":{"loc":{"start":{"line":57,"column":0},"end":{"line":57,"column":null}},"type":"cond-expr","locations":[{"start":{"line":57,"column":0},"end":{"line":57,"column":null}},{"start":{"line":57,"column":0},"end":{"line":57,"column":null}}]}},"s":{"0":5,"1":5,"2":0,"3":0,"4":0,"5":0,"6":0,"7":0,"8":0},"f":{"0":0,"1":0,"2":0,"3":0,"4":0,"5":0,"6":0},"b":{"0":[0,0]}}
,"C:\\Users\\ragnar\\proyectos\\vue-flux\\src\\transitions\\waterfall.vue": {"path":"C:\\Users\\ragnar\\proyectos\\vue-flux\\src\\transitions\\waterfall.vue","statementMap":{"0":{"start":{"line":12,"column":0},"end":{"line":12,"column":null}},"1":{"start":{"line":13,"column":0},"end":{"line":13,"column":null}},"2":{"start":{"line":26,"column":0},"end":{"line":26,"column":null}},"3":{"start":{"line":36,"column":0},"end":{"line":36,"column":null}},"4":{"start":{"line":40,"column":0},"end":{"line":46,"column":null}},"5":{"start":{"line":41,"column":0},"end":{"line":41,"column":null}},"6":{"start":{"line":51,"column":0},"end":{"line":51,"column":null}},"7":{"start":{"line":55,"column":0},"end":{"line":55,"column":null}}},"fnMap":{"0":{"name":"(anonymous_1)","decl":{"start":{"line":26,"column":0},"end":{"line":26,"column":null}},"loc":{"start":{"line":26,"column":0},"end":{"line":26,"column":null}}},"1":{"name":"(anonymous_2)","decl":{"start":{"line":35,"column":0},"end":{"line":35,"column":null}},"loc":{"start":{"line":35,"column":0},"end":{"line":37,"column":null}}},"2":{"name":"(anonymous_3)","decl":{"start":{"line":39,"column":0},"end":{"line":39,"column":null}},"loc":{"start":{"line":39,"column":0},"end":{"line":47,"column":null}}},"3":{"name":"(anonymous_4)","decl":{"start":{"line":40,"column":0},"end":{"line":40,"column":null}},"loc":{"start":{"line":40,"column":0},"end":{"line":46,"column":null}}},"4":{"name":"(anonymous_5)","decl":{"start":{"line":50,"column":0},"end":{"line":50,"column":null}},"loc":{"start":{"line":50,"column":0},"end":{"line":52,"column":null}}},"5":{"name":"(anonymous_6)","decl":{"start":{"line":54,"column":0},"end":{"line":54,"column":null}},"loc":{"start":{"line":54,"column":0},"end":{"line":56,"column":null}}}},"branchMap":{},"s":{"0":5,"1":5,"2":0,"3":0,"4":0,"5":0,"6":0,"7":0},"f":{"0":0,"1":0,"2":0,"3":0,"4":0,"5":0},"b":{}}
,"C:\\Users\\ragnar\\proyectos\\vue-flux\\src\\transitions\\wave.vue": {"path":"C:\\Users\\ragnar\\proyectos\\vue-flux\\src\\transitions\\wave.vue","statementMap":{"0":{"start":{"line":15,"column":0},"end":{"line":15,"column":null}},"1":{"start":{"line":16,"column":0},"end":{"line":16,"column":null}},"2":{"start":{"line":29,"column":0},"end":{"line":29,"column":null}},"3":{"start":{"line":46,"column":0},"end":{"line":46,"column":null}},"4":{"start":{"line":48,"column":0},"end":{"line":48,"column":null}},"5":{"start":{"line":50,"column":0},"end":{"line":50,"column":null}},"6":{"start":{"line":57,"column":0},"end":{"line":57,"column":null}},"7":{"start":{"line":60,"column":0},"end":{"line":60,"column":null}},"8":{"start":{"line":65,"column":0},"end":{"line":71,"column":null}},"9":{"start":{"line":66,"column":0},"end":{"line":66,"column":null}},"10":{"start":{"line":70,"column":0},"end":{"line":70,"column":null}},"11":{"start":{"line":75,"column":0},"end":{"line":75,"column":null}},"12":{"start":{"line":81,"column":0},"end":{"line":81,"column":null}},"13":{"start":{"line":85,"column":0},"end":{"line":85,"column":null}}},"fnMap":{"0":{"name":"(anonymous_1)","decl":{"start":{"line":29,"column":0},"end":{"line":29,"column":null}},"loc":{"start":{"line":29,"column":0},"end":{"line":29,"column":null}}},"1":{"name":"(anonymous_2)","decl":{"start":{"line":45,"column":0},"end":{"line":45,"column":null}},"loc":{"start":{"line":45,"column":0},"end":{"line":54,"column":null}}},"2":{"name":"(anonymous_3)","decl":{"start":{"line":56,"column":0},"end":{"line":56,"column":null}},"loc":{"start":{"line":56,"column":0},"end":{"line":72,"column":null}}},"3":{"name":"(anonymous_4)","decl":{"start":{"line":65,"column":0},"end":{"line":65,"column":null}},"loc":{"start":{"line":65,"column":0},"end":{"line":71,"column":null}}},"4":{"name":"(anonymous_5)","decl":{"start":{"line":74,"column":0},"end":{"line":74,"column":null}},"loc":{"start":{"line":74,"column":0},"end":{"line":77,"column":null}}},"5":{"name":"(anonymous_6)","decl":{"start":{"line":80,"column":0},"end":{"line":80,"column":null}},"loc":{"start":{"line":80,"column":0},"end":{"line":82,"column":null}}},"6":{"name":"(anonymous_7)","decl":{"start":{"line":84,"column":0},"end":{"line":84,"column":null}},"loc":{"start":{"line":84,"column":0},"end":{"line":86,"column":null}}}},"branchMap":{"0":{"loc":{"start":{"line":57,"column":0},"end":{"line":57,"column":null}},"type":"if","locations":[{"start":{"line":57,"column":0},"end":{"line":57,"column":null}},{"start":{"line":57,"column":0},"end":{"line":57,"column":null}}]},"1":{"loc":{"start":{"line":75,"column":0},"end":{"line":75,"column":null}},"type":"if","locations":[{"start":{"line":75,"column":0},"end":{"line":75,"column":null}},{"start":{"line":75,"column":0},"end":{"line":75,"column":null}}]}},"s":{"0":5,"1":5,"2":0,"3":0,"4":0,"5":0,"6":0,"7":0,"8":0,"9":0,"10":0,"11":0,"12":0,"13":0},"f":{"0":0,"1":0,"2":0,"3":0,"4":0,"5":0,"6":0},"b":{"0":[0,0],"1":[0,0]}}
,"C:\\Users\\ragnar\\proyectos\\vue-flux\\src\\transitions\\zip.vue": {"path":"C:\\Users\\ragnar\\proyectos\\vue-flux\\src\\transitions\\zip.vue","statementMap":{"0":{"start":{"line":12,"column":0},"end":{"line":12,"column":null}},"1":{"start":{"line":13,"column":0},"end":{"line":13,"column":null}},"2":{"start":{"line":26,"column":0},"end":{"line":26,"column":null}},"3":{"start":{"line":36,"column":0},"end":{"line":36,"column":null}},"4":{"start":{"line":40,"column":0},"end":{"line":46,"column":null}},"5":{"start":{"line":41,"column":0},"end":{"line":41,"column":null}},"6":{"start":{"line":51,"column":0},"end":{"line":51,"column":null}},"7":{"start":{"line":55,"column":0},"end":{"line":55,"column":null}}},"fnMap":{"0":{"name":"(anonymous_1)","decl":{"start":{"line":26,"column":0},"end":{"line":26,"column":null}},"loc":{"start":{"line":26,"column":0},"end":{"line":26,"column":null}}},"1":{"name":"(anonymous_2)","decl":{"start":{"line":35,"column":0},"end":{"line":35,"column":null}},"loc":{"start":{"line":35,"column":0},"end":{"line":37,"column":null}}},"2":{"name":"(anonymous_3)","decl":{"start":{"line":39,"column":0},"end":{"line":39,"column":null}},"loc":{"start":{"line":39,"column":0},"end":{"line":47,"column":null}}},"3":{"name":"(anonymous_4)","decl":{"start":{"line":40,"column":0},"end":{"line":40,"column":null}},"loc":{"start":{"line":40,"column":0},"end":{"line":46,"column":null}}},"4":{"name":"(anonymous_5)","decl":{"start":{"line":50,"column":0},"end":{"line":50,"column":null}},"loc":{"start":{"line":50,"column":0},"end":{"line":52,"column":null}}},"5":{"name":"(anonymous_6)","decl":{"start":{"line":54,"column":0},"end":{"line":54,"column":null}},"loc":{"start":{"line":54,"column":0},"end":{"line":56,"column":null}}}},"branchMap":{"0":{"loc":{"start":{"line":44,"column":0},"end":{"line":44,"column":null}},"type":"cond-expr","locations":[{"start":{"line":44,"column":0},"end":{"line":44,"column":null}},{"start":{"line":44,"column":0},"end":{"line":44,"column":null}}]}},"s":{"0":5,"1":5,"2":0,"3":0,"4":0,"5":0,"6":0,"7":0},"f":{"0":0,"1":0,"2":0,"3":0,"4":0,"5":0},"b":{"0":[0,0]}}
}
