TN:
SF:C:\Users\ragnar\proyectos\vue-flux\src\components\FluxCube.vue
FN:67,(anonymous_1)
FN:71,(anonymous_2)
FN:80,(anonymous_3)
FN:123,(anonymous_4)
FN:124,(anonymous_5)
FN:127,(anonymous_6)
FN:150,(anonymous_7)
FN:157,(anonymous_8)
FN:161,(anonymous_9)
FN:171,(anonymous_10)
FN:177,(anonymous_11)
FN:181,(anonymous_12)
FN:185,(anonymous_13)
FN:189,(anonymous_14)
FN:193,(anonymous_15)
FNF:15
FNH:0
FNDA:0,(anonymous_1)
FNDA:0,(anonymous_2)
FNDA:0,(anonymous_3)
FNDA:0,(anonymous_4)
FNDA:0,(anonymous_5)
FNDA:0,(anonymous_6)
FNDA:0,(anonymous_7)
FNDA:0,(anonymous_8)
FNDA:0,(anonymous_9)
FNDA:0,(anonymous_10)
FNDA:0,(anonymous_11)
FNDA:0,(anonymous_12)
FNDA:0,(anonymous_13)
FNDA:0,(anonymous_14)
FNDA:0,(anonymous_15)
DA:18,9
DA:19,9
DA:21,9
DA:36,9
DA:67,0
DA:71,0
DA:82,0
DA:84,0
DA:85,0
DA:92,0
DA:96,0
DA:100,0
DA:101,0
DA:102,0
DA:105,0
DA:106,0
DA:107,0
DA:110,0
DA:117,0
DA:120,0
DA:124,0
DA:128,0
DA:137,0
DA:139,0
DA:151,0
DA:154,0
DA:158,0
DA:162,0
DA:163,0
DA:164,0
DA:165,0
DA:166,0
DA:168,0
DA:172,0
DA:178,0
DA:182,0
DA:186,0
DA:190,0
DA:194,0
LF:39
LH:4
BRDA:88,0,0,0
BRDA:88,0,1,0
BRDA:89,1,0,0
BRDA:89,1,1,0
BRDA:100,2,0,0
BRDA:100,2,1,0
BRDA:105,3,0,0
BRDA:105,3,1,0
BRDA:141,4,0,0
BRDA:141,4,1,0
BRDA:143,5,0,0
BRDA:143,5,1,0
BRDA:151,6,0,0
BRDA:151,6,1,0
BRDA:162,7,0,0
BRDA:162,7,1,0
BRDA:163,8,0,0
BRDA:163,8,1,0
BRDA:164,9,0,0
BRDA:164,9,1,0
BRDA:165,10,0,0
BRDA:165,10,1,0
BRDA:166,11,0,0
BRDA:166,11,1,0
BRF:24
BRH:0
end_of_record
TN:
SF:C:\Users\ragnar\proyectos\vue-flux\src\components\FluxGrid.vue
FN:58,(anonymous_1)
FN:65,(anonymous_2)
FN:69,(anonymous_3)
FN:73,(anonymous_4)
FN:77,(anonymous_5)
FN:81,(anonymous_6)
FN:88,(anonymous_7)
FN:132,(anonymous_8)
FN:136,(anonymous_9)
FN:140,(anonymous_10)
FN:141,(anonymous_11)
FNF:11
FNH:0
FNDA:0,(anonymous_1)
FNDA:0,(anonymous_2)
FNDA:0,(anonymous_3)
FNDA:0,(anonymous_4)
FNDA:0,(anonymous_5)
FNDA:0,(anonymous_6)
FNDA:0,(anonymous_7)
FNDA:0,(anonymous_8)
FNDA:0,(anonymous_9)
FNDA:0,(anonymous_10)
FNDA:0,(anonymous_11)
DA:23,9
DA:24,9
DA:25,9
DA:58,0
DA:66,0
DA:70,0
DA:74,0
DA:78,0
DA:82,0
DA:90,0
DA:92,0
DA:93,0
DA:98,0
DA:100,0
DA:103,0
DA:106,0
DA:111,0
DA:116,0
DA:124,0
DA:127,0
DA:133,0
DA:137,0
DA:141,0
LF:23
LH:3
BRDA:66,0,0,0
BRDA:66,0,1,0
BRDA:100,1,0,0
BRDA:100,1,1,0
BRDA:103,2,0,0
BRDA:103,2,1,0
BRDA:121,3,0,0
BRDA:121,3,1,0
BRF:8
BRH:0
end_of_record
TN:
SF:C:\Users\ragnar\proyectos\vue-flux\src\components\FluxImage.vue
FN:15,(anonymous_1)
FN:22,(anonymous_2)
FN:31,(anonymous_3)
FNF:3
FNH:0
FNDA:0,(anonymous_1)
FNDA:0,(anonymous_2)
FNDA:0,(anonymous_3)
DA:6,9
DA:15,0
DA:23,0
DA:26,0
DA:32,0
DA:34,0
DA:37,0
DA:39,0
DA:40,0
DA:44,0
LF:10
LH:1
BRDA:23,0,0,0
BRDA:23,0,1,0
BRDA:34,1,0,0
BRDA:34,1,1,0
BRDA:37,2,0,0
BRDA:37,2,1,0
BRDA:39,3,0,0
BRDA:39,3,1,0
BRDA:40,4,0,0
BRDA:40,4,1,0
BRF:10
BRH:0
end_of_record
TN:
SF:C:\Users\ragnar\proyectos\vue-flux\src\components\FluxTransition.vue
FN:55,(anonymous_1)
FN:64,(anonymous_2)
FN:74,(anonymous_3)
FN:96,(anonymous_4)
FN:101,(anonymous_5)
FN:102,(anonymous_6)
FN:108,(anonymous_7)
FN:118,(anonymous_8)
FN:123,(anonymous_9)
FN:132,(anonymous_10)
FNF:10
FNH:0
FNDA:0,(anonymous_1)
FNDA:0,(anonymous_2)
FNDA:0,(anonymous_3)
FNDA:0,(anonymous_4)
FNDA:0,(anonymous_5)
FNDA:0,(anonymous_6)
FNDA:0,(anonymous_7)
FNDA:0,(anonymous_8)
FNDA:0,(anonymous_9)
FNDA:0,(anonymous_10)
DA:18,5
DA:55,0
DA:65,0
DA:67,0
DA:75,0
DA:76,0
DA:79,0
DA:81,0
DA:84,0
DA:85,0
DA:87,0
DA:88,0
DA:89,0
DA:92,0
DA:97,0
DA:102,0
DA:103,0
DA:109,0
DA:111,0
DA:118,0
DA:119,0
DA:124,0
DA:133,0
DA:136,0
LF:24
LH:1
BRDA:75,0,0,0
BRDA:75,0,1,0
BRDA:76,1,0,0
BRDA:76,1,1,0
BRDA:84,2,0,0
BRDA:84,2,1,0
BRDA:87,3,0,0
BRDA:87,3,1,0
BRDA:88,4,0,0
BRDA:88,4,1,0
BRDA:97,5,0,0
BRDA:97,5,1,0
BRDA:133,6,0,0
BRDA:133,6,1,0
BRF:14
BRH:0
end_of_record
TN:
SF:C:\Users\ragnar\proyectos\vue-flux\src\components\FluxVortex.vue
FN:39,(anonymous_1)
FN:47,(anonymous_2)
FN:51,(anonymous_3)
FN:57,(anonymous_4)
FN:61,(anonymous_5)
FN:65,(anonymous_6)
FN:69,(anonymous_7)
FN:104,(anonymous_8)
FN:105,(anonymous_9)
FNF:9
FNH:0
FNDA:0,(anonymous_1)
FNDA:0,(anonymous_2)
FNDA:0,(anonymous_3)
FNDA:0,(anonymous_4)
FNDA:0,(anonymous_5)
FNDA:0,(anonymous_6)
FNDA:0,(anonymous_7)
FNDA:0,(anonymous_8)
FNDA:0,(anonymous_9)
DA:16,5
DA:17,5
DA:39,0
DA:48,0
DA:52,0
DA:54,0
DA:58,0
DA:62,0
DA:66,0
DA:71,0
DA:73,0
DA:74,0
DA:75,0
DA:77,0
DA:84,0
DA:96,0
DA:99,0
DA:105,0
LF:18
LH:2
BRF:0
BRH:0
end_of_record
TN:
SF:C:\Users\ragnar\proyectos\vue-flux\src\components\FluxWrapper.vue
FN:17,(anonymous_1)
FNF:1
FNH:0
FNDA:0,(anonymous_1)
DA:8,5
DA:17,0
LF:2
LH:1
BRF:0
BRH:0
end_of_record
TN:
SF:C:\Users\ragnar\proyectos\vue-flux\src\components\VueFlux.vue
FN:72,(anonymous_1)
FN:82,(anonymous_2)
FN:87,(anonymous_3)
FN:91,(anonymous_4)
FN:117,(anonymous_5)
FN:139,(anonymous_6)
FN:145,(anonymous_7)
FN:154,(anonymous_8)
FN:165,(anonymous_9)
FN:177,(anonymous_10)
FN:186,(anonymous_11)
FN:195,(anonymous_12)
FN:216,(anonymous_13)
FN:237,(anonymous_14)
FN:246,(anonymous_15)
FN:255,(anonymous_16)
FN:265,(anonymous_17)
FN:269,(anonymous_18)
FN:273,(anonymous_19)
FN:283,(anonymous_20)
FN:294,(anonymous_21)
FN:302,(anonymous_22)
FN:324,(anonymous_23)
FN:332,(anonymous_24)
FNF:24
FNH:12
FNDA:74,(anonymous_1)
FNDA:74,(anonymous_2)
FNDA:74,(anonymous_3)
FNDA:74,(anonymous_4)
FNDA:153,(anonymous_5)
FNDA:0,(anonymous_6)
FNDA:0,(anonymous_7)
FNDA:0,(anonymous_8)
FNDA:74,(anonymous_9)
FNDA:74,(anonymous_10)
FNDA:0,(anonymous_11)
FNDA:74,(anonymous_12)
FNDA:74,(anonymous_13)
FNDA:5,(anonymous_14)
FNDA:2,(anonymous_15)
FNDA:0,(anonymous_16)
FNDA:0,(anonymous_17)
FNDA:0,(anonymous_18)
FNDA:0,(anonymous_19)
FNDA:0,(anonymous_20)
FNDA:0,(anonymous_21)
FNDA:0,(anonymous_22)
FNDA:0,(anonymous_23)
FNDA:74,(anonymous_24)
DA:48,5
DA:51,5
DA:52,5
DA:53,5
DA:54,5
DA:55,5
DA:58,5
DA:59,5
DA:72,74
DA:82,74
DA:87,74
DA:91,74
DA:118,227
DA:121,79
DA:122,1
DA:128,78
DA:130,78
DA:140,0
DA:146,0
DA:148,0
DA:150,0
DA:151,0
DA:155,0
DA:157,0
DA:158,0
DA:160,0
DA:161,0
DA:166,74
DA:167,74
DA:168,74
DA:169,74
DA:170,74
DA:172,74
DA:174,74
DA:178,74
DA:180,74
DA:181,74
DA:183,74
DA:187,0
DA:189,0
DA:191,0
DA:196,74
DA:198,74
DA:201,74
DA:203,74
DA:207,74
DA:208,0
DA:213,74
DA:217,74
DA:220,74
DA:223,74
DA:225,74
DA:227,74
DA:229,74
DA:230,74
DA:231,74
DA:234,74
DA:238,5
DA:240,5
DA:243,5
DA:247,2
DA:250,2
DA:252,2
DA:254,2
DA:255,2
DA:256,0
DA:260,0
DA:261,0
DA:266,0
DA:270,0
DA:272,0
DA:273,0
DA:274,0
DA:278,0
DA:284,0
DA:286,0
DA:288,0
DA:291,0
DA:295,0
DA:298,0
DA:299,0
DA:300,0
DA:302,0
DA:303,0
DA:307,0
DA:310,0
DA:311,0
DA:312,0
DA:314,0
DA:316,0
DA:325,0
DA:333,74
DA:334,74
LF:93
LH:53
BRDA:118,0,0,74
BRDA:118,0,1,79
BRDA:121,1,0,1
BRDA:121,1,1,78
BRDA:131,2,0,5
BRDA:131,2,1,73
BRDA:132,3,0,5
BRDA:132,3,1,73
BRDA:151,4,0,0
BRDA:151,4,1,0
BRDA:161,5,0,0
BRDA:161,5,1,0
BRDA:198,6,0,0
BRDA:198,6,1,74
BRDA:207,7,0,0
BRDA:207,7,1,74
BRDA:217,8,0,0
BRDA:217,8,1,74
BRDA:220,9,0,0
BRDA:220,9,1,74
BRDA:229,10,0,74
BRDA:229,10,1,0
BRDA:240,11,0,0
BRDA:240,11,1,5
BRDA:247,12,0,0
BRDA:247,12,1,2
BRDA:254,13,0,2
BRDA:254,13,1,0
BRDA:269,14,0,0
BRDA:272,15,0,0
BRDA:272,15,1,0
BRDA:273,16,0,0
BRDA:273,16,1,0
BRDA:288,17,0,0
BRDA:288,17,1,0
BRDA:294,18,0,0
BRDA:295,19,0,0
BRDA:295,19,1,0
BRDA:298,20,0,0
BRDA:298,20,1,0
BRDA:299,21,0,0
BRDA:299,21,1,0
BRDA:312,22,0,0
BRDA:312,22,1,0
BRDA:325,23,0,0
BRDA:325,23,1,0
BRF:46
BRH:16
end_of_record
TN:
SF:C:\Users\ragnar\proyectos\vue-flux\src\controllers\Display.js
FN:3,(anonymous_0)
FN:7,(anonymous_1)
FN:15,(anonymous_2)
FN:18,(anonymous_3)
FN:22,(anonymous_4)
FN:37,(anonymous_5)
FN:44,(anonymous_6)
FN:54,(anonymous_7)
FNF:8
FNH:8
FNDA:81,(anonymous_0)
FNDA:83,(anonymous_1)
FNDA:302,(anonymous_2)
FNDA:2,(anonymous_3)
FNDA:2,(anonymous_4)
FNDA:1,(anonymous_5)
FNDA:1,(anonymous_6)
FNDA:1,(anonymous_7)
DA:4,81
DA:8,83
DA:15,302
DA:19,2
DA:23,2
DA:25,2
DA:26,1
DA:28,1
DA:35,1
DA:37,1
DA:38,1
DA:41,1
DA:45,1
DA:47,1
DA:54,1
DA:55,1
DA:58,1
LF:17
LH:17
BRDA:19,0,0,1
BRDA:19,0,1,1
BRDA:25,1,0,1
BRDA:25,1,1,1
BRDA:38,2,0,1
BRDA:38,2,1,0
BRDA:38,3,0,1
BRDA:38,3,1,1
BRDA:55,4,0,1
BRDA:55,4,1,0
BRDA:55,5,0,1
BRDA:55,5,1,1
BRF:12
BRH:10
end_of_record
TN:
SF:C:\Users\ragnar\proyectos\vue-flux\src\controllers\Images.js
FN:7,(anonymous_0)
FN:12,(anonymous_1)
FN:21,(anonymous_2)
FN:25,(anonymous_3)
FN:29,(anonymous_4)
FN:33,(anonymous_5)
FN:40,(anonymous_6)
FN:49,(anonymous_7)
FN:74,(anonymous_8)
FN:92,(anonymous_9)
FN:102,(anonymous_10)
FN:105,(anonymous_11)
FN:124,(anonymous_12)
FN:132,(anonymous_13)
FN:135,(anonymous_14)
FN:143,(anonymous_15)
FN:147,(anonymous_16)
FN:150,(anonymous_17)
FN:153,(anonymous_18)
FN:165,(anonymous_19)
FN:181,(anonymous_20)
FN:188,(anonymous_21)
FN:192,(anonymous_22)
FN:193,(anonymous_23)
FN:201,(anonymous_24)
FN:202,(anonymous_25)
FN:205,(anonymous_26)
FNF:27
FNH:27
FNDA:107,(anonymous_0)
FNDA:3,(anonymous_1)
FNDA:3,(anonymous_2)
FNDA:8,(anonymous_3)
FNDA:177,(anonymous_4)
FNDA:14,(anonymous_5)
FNDA:4,(anonymous_6)
FNDA:186,(anonymous_7)
FNDA:78,(anonymous_8)
FNDA:80,(anonymous_9)
FNDA:9,(anonymous_10)
FNDA:6,(anonymous_11)
FNDA:1,(anonymous_12)
FNDA:2,(anonymous_13)
FNDA:3,(anonymous_14)
FNDA:17,(anonymous_15)
FNDA:5,(anonymous_16)
FNDA:1,(anonymous_17)
FNDA:6,(anonymous_18)
FNDA:7,(anonymous_19)
FNDA:1,(anonymous_20)
FNDA:4,(anonymous_21)
FNDA:10,(anonymous_22)
FNDA:7,(anonymous_23)
FNDA:9,(anonymous_24)
FNDA:3,(anonymous_25)
FNDA:4,(anonymous_26)
DA:8,107
DA:9,107
DA:13,3
DA:15,3
DA:16,2
DA:18,3
DA:22,3
DA:26,8
DA:30,177
DA:34,14
DA:35,1
DA:37,14
DA:41,4
DA:43,4
DA:44,3
DA:46,4
DA:50,186
DA:51,108
DA:53,186
DA:54,186
DA:55,186
DA:57,186
DA:63,186
DA:65,186
DA:66,186
DA:68,186
DA:69,186
DA:71,186
DA:75,78
DA:77,78
DA:79,78
DA:81,78
DA:83,78
DA:84,77
DA:86,1
DA:89,78
DA:93,80
DA:95,80
DA:96,80
DA:98,80
DA:99,80
DA:101,80
DA:102,80
DA:106,6
DA:108,6
DA:110,6
DA:111,1
DA:113,5
DA:115,5
DA:116,5
DA:118,5
DA:119,1
DA:121,5
DA:125,1
DA:127,1
DA:128,1
DA:130,1
DA:131,1
DA:132,2
DA:136,3
DA:137,3
DA:139,3
DA:140,3
DA:144,17
DA:145,17
DA:147,17
DA:148,5
DA:151,1
DA:154,6
DA:155,6
DA:157,6
DA:158,2
DA:160,6
DA:161,4
DA:166,7
DA:168,7
DA:169,4
DA:170,7
DA:171,3
DA:173,4
DA:174,1
DA:176,4
DA:182,1
DA:185,1
DA:189,4
DA:193,10
DA:195,10
DA:197,10
DA:198,10
DA:202,9
DA:206,4
DA:207,1
DA:209,3
DA:210,1
DA:212,2
DA:213,1
DA:215,1
LF:97
LH:97
BRDA:15,0,0,2
BRDA:15,0,1,1
BRDA:34,1,0,1
BRDA:34,1,1,13
BRDA:43,2,0,3
BRDA:43,2,1,1
BRDA:49,3,0,78
BRDA:50,4,0,108
BRDA:50,4,1,78
BRDA:81,5,0,77
BRDA:81,5,1,1
BRDA:83,6,0,77
BRDA:83,6,1,1
BRDA:110,7,0,1
BRDA:110,7,1,5
BRDA:110,8,0,6
BRDA:110,8,1,2
BRDA:118,9,0,1
BRDA:118,9,1,4
BRDA:157,10,0,2
BRDA:157,10,1,4
BRDA:160,11,0,4
BRDA:160,11,1,2
BRDA:161,12,0,2
BRDA:161,12,1,2
BRDA:168,13,0,4
BRDA:168,13,1,3
BRDA:168,14,0,7
BRDA:168,14,1,4
BRDA:170,15,0,3
BRDA:170,15,1,4
BRDA:173,16,0,1
BRDA:173,16,1,3
BRDA:189,17,0,4
BRDA:189,17,1,1
BRDA:206,18,0,1
BRDA:206,18,1,3
BRDA:209,19,0,1
BRDA:209,19,1,2
BRDA:212,20,0,1
BRDA:212,20,1,1
BRF:41
BRH:41
end_of_record
TN:
SF:C:\Users\ragnar\proyectos\vue-flux\src\controllers\Timers.js
FN:2,(anonymous_0)
FN:6,(anonymous_1)
FN:11,(anonymous_2)
FN:14,(anonymous_3)
FNF:4
FNH:4
FNDA:78,(anonymous_0)
FNDA:8,(anonymous_1)
FNDA:24,(anonymous_2)
FNDA:26,(anonymous_3)
DA:3,78
DA:7,8
DA:8,8
DA:12,24
DA:14,24
DA:15,26
DA:16,26
LF:7
LH:7
BRDA:12,0,0,23
BRDA:12,0,1,1
BRF:2
BRH:2
end_of_record
TN:
SF:C:\Users\ragnar\proyectos\vue-flux\src\controllers\Touches.js
FN:3,(anonymous_0)
FN:22,(anonymous_1)
FN:31,(anonymous_2)
FN:55,(anonymous_3)
FN:59,(anonymous_4)
FN:63,(anonymous_5)
FN:67,(anonymous_6)
FN:71,(anonymous_7)
FN:75,(anonymous_8)
FNF:9
FNH:9
FNDA:83,(anonymous_0)
FNDA:7,(anonymous_1)
FNDA:7,(anonymous_2)
FNDA:7,(anonymous_3)
FNDA:2,(anonymous_4)
FNDA:2,(anonymous_5)
FNDA:3,(anonymous_6)
FNDA:1,(anonymous_7)
FNDA:1,(anonymous_8)
DA:4,83
DA:6,83
DA:7,83
DA:8,83
DA:9,83
DA:10,83
DA:13,83
DA:16,83
DA:19,83
DA:23,7
DA:24,1
DA:26,6
DA:27,6
DA:28,6
DA:32,7
DA:34,7
DA:35,7
DA:37,7
DA:38,7
DA:40,7
DA:41,3
DA:42,3
DA:45,4
DA:46,1
DA:48,3
DA:49,1
DA:51,2
DA:52,1
DA:56,7
DA:60,2
DA:64,2
DA:68,3
DA:72,1
DA:76,1
LF:34
LH:34
BRDA:23,0,0,1
BRDA:23,0,1,6
BRDA:40,1,0,3
BRDA:40,1,1,4
BRDA:45,2,0,1
BRDA:45,2,1,3
BRDA:48,3,0,1
BRDA:48,3,1,2
BRDA:51,4,0,1
BRDA:51,4,1,1
BRDA:56,5,0,7
BRDA:56,5,1,3
BRDA:64,6,0,2
BRDA:64,6,1,1
BRDA:68,7,0,3
BRDA:68,7,1,2
BRDA:72,8,0,1
BRDA:72,8,1,1
BRDA:76,9,0,1
BRDA:76,9,1,1
BRF:20
BRH:20
end_of_record
TN:
SF:C:\Users\ragnar\proyectos\vue-flux\src\controllers\Transitions.js
FN:3,(anonymous_0)
FN:8,(anonymous_1)
FN:12,(anonymous_2)
FN:19,(anonymous_3)
FN:28,(anonymous_4)
FN:39,(anonymous_5)
FN:42,(anonymous_6)
FN:53,(anonymous_7)
FN:59,(anonymous_8)
FN:82,(anonymous_9)
FN:86,(anonymous_10)
FN:96,(anonymous_11)
FN:102,(anonymous_12)
FN:111,(anonymous_13)
FNF:14
FNH:14
FNDA:97,(anonymous_0)
FNDA:484,(anonymous_1)
FNDA:217,(anonymous_2)
FNDA:14,(anonymous_3)
FNDA:203,(anonymous_4)
FNDA:100,(anonymous_5)
FNDA:197,(anonymous_6)
FNDA:14,(anonymous_7)
FNDA:4,(anonymous_8)
FNDA:1,(anonymous_9)
FNDA:4,(anonymous_10)
FNDA:6,(anonymous_11)
FNDA:6,(anonymous_12)
FNDA:1,(anonymous_13)
DA:4,97
DA:5,97
DA:9,484
DA:13,217
DA:14,6
DA:16,217
DA:20,14
DA:22,14
DA:23,12
DA:25,14
DA:29,203
DA:30,197
DA:31,197
DA:34,203
DA:35,203
DA:36,203
DA:40,100
DA:42,197
DA:48,100
DA:50,100
DA:54,14
DA:56,14
DA:57,2
DA:59,4
DA:61,2
DA:62,1
DA:64,1
DA:67,12
DA:70,13
DA:71,12
DA:72,11
DA:74,12
DA:77,13
DA:78,13
DA:79,13
DA:83,1
DA:87,4
DA:89,4
DA:97,6
DA:99,6
DA:100,6
DA:102,6
DA:103,6
DA:105,6
DA:106,1
DA:107,1
DA:110,5
DA:111,1
DA:112,1
DA:116,5
LF:50
LH:50
BRDA:13,0,0,6
BRDA:13,0,1,211
BRDA:22,1,0,12
BRDA:22,1,1,2
BRDA:28,2,0,6
BRDA:29,3,0,197
BRDA:29,3,1,6
BRDA:44,4,0,197
BRDA:44,4,1,194
BRDA:45,5,0,197
BRDA:45,5,1,194
BRDA:56,6,0,2
BRDA:56,6,1,12
BRDA:57,7,0,2
BRDA:57,7,1,2
BRDA:61,8,0,1
BRDA:61,8,1,1
BRDA:70,9,0,12
BRDA:70,9,1,1
BRDA:71,10,0,11
BRDA:71,10,1,1
BRDA:72,11,0,5
BRDA:72,11,1,6
BRDA:96,12,0,5
BRDA:105,13,0,1
BRDA:105,13,1,5
BRDA:105,14,0,6
BRDA:105,14,1,1
BRDA:110,15,0,1
BRDA:110,15,1,4
BRDA:116,16,0,1
BRDA:116,16,1,4
BRF:32
BRH:32
end_of_record
TN:
SF:C:\Users\ragnar\proyectos\vue-flux\src\libraries\Dom.js
FN:3,(anonymous_0)
FN:7,(anonymous_1)
FN:14,(anonymous_2)
FN:18,(anonymous_3)
FN:24,(anonymous_4)
FNF:5
FNH:5
FNDA:79,(anonymous_0)
FNDA:76,(anonymous_1)
FNDA:75,(anonymous_2)
FNDA:77,(anonymous_3)
FNDA:77,(anonymous_4)
DA:4,79
DA:8,76
DA:15,75
DA:19,77
DA:21,77
DA:25,77
DA:27,77
LF:7
LH:7
BRF:0
BRH:0
end_of_record
TN:
SF:C:\Users\ragnar\proyectos\vue-flux\src\libraries\Img.js
FN:8,(anonymous_0)
FN:13,(anonymous_1)
FN:14,(anonymous_2)
FN:20,(anonymous_3)
FN:32,(anonymous_4)
FN:42,(anonymous_5)
FN:60,(anonymous_6)
FN:74,(anonymous_7)
FNF:8
FNH:8
FNDA:69,(anonymous_0)
FNDA:15,(anonymous_1)
FNDA:15,(anonymous_2)
FNDA:1,(anonymous_3)
FNDA:1,(anonymous_4)
FNDA:3,(anonymous_5)
FNDA:3,(anonymous_6)
FNDA:3,(anonymous_7)
DA:9,69
DA:10,69
DA:14,15
DA:15,15
DA:16,2
DA:18,13
DA:20,13
DA:21,1
DA:26,1
DA:27,1
DA:29,1
DA:32,13
DA:33,1
DA:35,1
DA:38,13
DA:43,3
DA:44,2
DA:46,1
DA:51,1
DA:55,1
DA:57,1
DA:61,3
DA:62,2
DA:68,1
DA:75,3
DA:76,2
DA:82,1
LF:27
LH:27
BRDA:15,0,0,2
BRDA:15,0,1,13
BRDA:16,1,0,1
BRDA:16,1,1,1
BRDA:22,2,0,1
BRDA:22,2,1,1
BRDA:23,3,0,1
BRDA:23,3,1,1
BRDA:43,4,0,2
BRDA:43,4,1,1
BRDA:43,5,0,3
BRDA:43,5,1,2
BRDA:61,6,0,2
BRDA:61,6,1,1
BRDA:75,7,0,2
BRDA:75,7,1,1
BRF:16
BRH:16
end_of_record
TN:
SF:C:\Users\ragnar\proyectos\vue-flux\src\mixins\BaseComponent.js
FN:10,(anonymous_0)
FN:23,(anonymous_1)
FN:30,(anonymous_2)
FN:36,(anonymous_3)
FN:43,(anonymous_4)
FN:47,(anonymous_5)
FN:64,(anonymous_6)
FN:76,(anonymous_7)
FN:80,(anonymous_8)
FN:85,(anonymous_9)
FN:91,(anonymous_10)
FN:102,(anonymous_11)
FN:123,(anonymous_12)
FN:130,(anonymous_13)
FN:135,(anonymous_14)
FN:141,(anonymous_15)
FNF:16
FNH:3
FNDA:25,(anonymous_0)
FNDA:25,(anonymous_1)
FNDA:25,(anonymous_2)
FNDA:0,(anonymous_3)
FNDA:0,(anonymous_4)
FNDA:0,(anonymous_5)
FNDA:0,(anonymous_6)
FNDA:0,(anonymous_7)
FNDA:0,(anonymous_8)
FNDA:0,(anonymous_9)
FNDA:0,(anonymous_10)
FNDA:0,(anonymous_11)
FNDA:0,(anonymous_12)
FNDA:0,(anonymous_13)
FNDA:0,(anonymous_14)
FNDA:0,(anonymous_15)
DA:10,25
DA:23,25
DA:30,25
DA:36,0
DA:44,0
DA:48,0
DA:49,0
DA:51,0
DA:56,0
DA:58,0
DA:65,0
DA:77,0
DA:81,0
DA:86,0
DA:87,0
DA:92,0
DA:93,0
DA:95,0
DA:96,0
DA:98,0
DA:99,0
DA:103,0
DA:104,0
DA:107,0
DA:109,0
DA:110,0
DA:112,0
DA:113,0
DA:114,0
DA:117,0
DA:120,0
DA:124,0
DA:131,0
DA:132,0
DA:136,0
DA:142,0
LF:36
LH:3
BRDA:48,0,0,0
BRDA:48,0,1,0
BRDA:54,1,0,0
BRDA:55,2,0,0
BRDA:92,3,0,0
BRDA:92,3,1,0
BRDA:95,4,0,0
BRDA:95,4,1,0
BRDA:103,5,0,0
BRDA:103,5,1,0
BRDA:112,6,0,0
BRDA:112,6,1,0
BRF:12
BRH:0
end_of_record
TN:
SF:C:\Users\ragnar\proyectos\vue-flux\src\mixins\BaseTransition.js
FN:2,(anonymous_0)
FN:20,(anonymous_1)
FN:25,(anonymous_2)
FN:30,(anonymous_3)
FN:43,(anonymous_4)
FN:55,(anonymous_5)
FN:66,(anonymous_6)
FN:69,(anonymous_7)
FNF:8
FNH:5
FNDA:22,(anonymous_0)
FNDA:0,(anonymous_1)
FNDA:9,(anonymous_2)
FNDA:22,(anonymous_3)
FNDA:1,(anonymous_4)
FNDA:2,(anonymous_5)
FNDA:0,(anonymous_6)
FNDA:0,(anonymous_7)
DA:2,22
DA:20,0
DA:26,9
DA:31,22
DA:33,22
DA:35,22
DA:40,22
DA:44,1
DA:46,1
DA:51,1
DA:56,2
DA:58,2
DA:63,2
DA:67,0
DA:69,0
DA:70,0
DA:72,0
DA:73,0
DA:75,0
DA:78,0
DA:80,0
LF:21
LH:12
BRDA:40,0,0,22
BRDA:40,0,1,2
BRDA:51,1,0,1
BRDA:51,1,1,1
BRDA:80,2,0,0
BRDA:80,2,1,0
BRF:6
BRH:4
end_of_record
TN:
SF:C:\Users\ragnar\proyectos\vue-flux\src\transitions\blinds2d.vue
FN:26,(anonymous_1)
FN:35,(anonymous_2)
FN:39,(anonymous_3)
FN:40,(anonymous_4)
FN:50,(anonymous_5)
FN:54,(anonymous_6)
FNF:6
FNH:6
FNDA:5,(anonymous_1)
FNDA:5,(anonymous_2)
FNDA:2,(anonymous_3)
FNDA:1,(anonymous_4)
FNDA:1,(anonymous_5)
FNDA:2,(anonymous_6)
DA:12,6
DA:13,6
DA:26,5
DA:36,5
DA:40,2
DA:41,1
DA:51,1
DA:55,2
LF:8
LH:8
BRF:0
BRH:0
end_of_record
TN:
SF:C:\Users\ragnar\proyectos\vue-flux\src\transitions\blinds3d.vue
FN:27,(anonymous_1)
FN:40,(anonymous_2)
FN:51,(anonymous_3)
FN:60,(anonymous_4)
FN:69,(anonymous_5)
FN:75,(anonymous_6)
FN:79,(anonymous_7)
FNF:7
FNH:7
FNDA:9,(anonymous_1)
FNDA:9,(anonymous_2)
FNDA:4,(anonymous_3)
FNDA:1,(anonymous_4)
FNDA:2,(anonymous_5)
FNDA:1,(anonymous_6)
FNDA:2,(anonymous_7)
DA:13,6
DA:14,6
DA:27,9
DA:41,9
DA:43,9
DA:45,9
DA:52,7
DA:55,4
DA:60,4
DA:61,1
DA:65,1
DA:70,3
DA:76,1
DA:80,2
LF:14
LH:14
BRDA:52,0,0,3
BRDA:52,0,1,1
BRDA:70,1,0,1
BRDA:70,1,1,1
BRF:4
BRH:4
end_of_record
TN:
SF:C:\Users\ragnar\proyectos\vue-flux\src\transitions\blocks1.vue
FN:26,(anonymous_1)
FN:35,(anonymous_2)
FN:44,(anonymous_3)
FN:45,(anonymous_4)
FN:55,(anonymous_5)
FNF:5
FNH:5
FNDA:6,(anonymous_1)
FNDA:6,(anonymous_2)
FNDA:2,(anonymous_3)
FNDA:1,(anonymous_4)
FNDA:2,(anonymous_5)
DA:12,6
DA:13,6
DA:26,6
DA:36,6
DA:37,5
DA:38,5
DA:41,6
DA:45,2
DA:46,1
DA:56,2
DA:58,2
LF:11
LH:11
BRDA:36,0,0,5
BRDA:36,0,1,1
BRF:2
BRH:2
end_of_record
TN:
SF:C:\Users\ragnar\proyectos\vue-flux\src\transitions\blocks2.vue
FN:40,(anonymous_1)
FN:64,(anonymous_2)
FN:74,(anonymous_3)
FN:84,(anonymous_4)
FN:88,(anonymous_5)
FN:89,(anonymous_6)
FN:98,(anonymous_7)
FN:99,(anonymous_8)
FN:108,(anonymous_9)
FNF:9
FNH:6
FNDA:2,(anonymous_1)
FNDA:2,(anonymous_2)
FNDA:0,(anonymous_3)
FNDA:2,(anonymous_4)
FNDA:0,(anonymous_5)
FNDA:0,(anonymous_6)
FNDA:1,(anonymous_7)
FNDA:1,(anonymous_8)
FNDA:1,(anonymous_9)
DA:24,6
DA:25,6
DA:26,6
DA:40,2
DA:65,2
DA:66,2
DA:67,2
DA:70,2
DA:75,0
DA:76,0
DA:78,0
DA:85,2
DA:89,0
DA:90,0
DA:99,1
DA:100,1
DA:109,1
DA:110,1
DA:111,1
DA:113,1
DA:116,1
LF:21
LH:16
BRDA:65,0,0,2
BRDA:65,0,1,0
BRDA:113,1,0,0
BRDA:113,1,1,1
BRF:4
BRH:2
end_of_record
TN:
SF:C:\Users\ragnar\proyectos\vue-flux\src\transitions\book.vue
FN:40,(anonymous_1)
FN:64,(anonymous_2)
FN:68,(anonymous_3)
FN:73,(anonymous_4)
FN:90,(anonymous_5)
FN:98,(anonymous_6)
FN:112,(anonymous_7)
FN:124,(anonymous_8)
FNF:8
FNH:0
FNDA:0,(anonymous_1)
FNDA:0,(anonymous_2)
FNDA:0,(anonymous_3)
FNDA:0,(anonymous_4)
FNDA:0,(anonymous_5)
FNDA:0,(anonymous_6)
FNDA:0,(anonymous_7)
FNDA:0,(anonymous_8)
DA:24,5
DA:25,5
DA:26,5
DA:40,0
DA:65,0
DA:69,0
DA:74,0
DA:79,0
DA:84,0
DA:91,0
DA:99,0
DA:100,0
DA:102,0
DA:106,0
DA:113,0
DA:117,0
DA:125,0
DA:130,0
LF:18
LH:3
BRF:0
BRH:0
end_of_record
TN:
SF:C:\Users\ragnar\proyectos\vue-flux\src\transitions\camera.vue
FN:33,(anonymous_1)
FN:55,(anonymous_2)
FN:74,(anonymous_3)
FN:80,(anonymous_4)
FNF:4
FNH:0
FNDA:0,(anonymous_1)
FNDA:0,(anonymous_2)
FNDA:0,(anonymous_3)
FNDA:0,(anonymous_4)
DA:17,5
DA:18,5
DA:19,5
DA:33,0
DA:56,0
DA:58,0
DA:59,0
DA:61,0
DA:66,0
DA:75,0
DA:80,0
DA:81,0
DA:83,0
LF:13
LH:3
BRF:0
BRH:0
end_of_record
TN:
SF:C:\Users\ragnar\proyectos\vue-flux\src\transitions\concentric.vue
FN:25,(anonymous_1)
FN:33,(anonymous_2)
FN:37,(anonymous_3)
FN:40,(anonymous_4)
FN:50,(anonymous_5)
FNF:5
FNH:0
FNDA:0,(anonymous_1)
FNDA:0,(anonymous_2)
FNDA:0,(anonymous_3)
FNDA:0,(anonymous_4)
FNDA:0,(anonymous_5)
DA:11,5
DA:12,5
DA:25,0
DA:34,0
DA:38,0
DA:40,0
DA:41,0
DA:51,0
LF:8
LH:2
BRDA:38,0,0,0
BRDA:38,0,1,0
BRF:2
BRH:0
end_of_record
TN:
SF:C:\Users\ragnar\proyectos\vue-flux\src\transitions\cube.vue
FN:26,(anonymous_1)
FN:33,(anonymous_2)
FN:48,(anonymous_3)
FN:60,(anonymous_4)
FNF:4
FNH:0
FNDA:0,(anonymous_1)
FNDA:0,(anonymous_2)
FNDA:0,(anonymous_3)
FNDA:0,(anonymous_4)
DA:12,5
DA:13,5
DA:26,0
DA:34,0
DA:39,0
DA:41,0
DA:49,0
DA:52,0
DA:57,0
DA:61,0
LF:10
LH:2
BRDA:49,0,0,0
BRDA:49,0,1,0
BRDA:61,1,0,0
BRDA:61,1,1,0
BRF:4
BRH:0
end_of_record
TN:
SF:C:\Users\ragnar\proyectos\vue-flux\src\transitions\explode.vue
FN:27,(anonymous_1)
FN:39,(anonymous_2)
FN:50,(anonymous_3)
FN:51,(anonymous_4)
FN:62,(anonymous_5)
FNF:5
FNH:0
FNDA:0,(anonymous_1)
FNDA:0,(anonymous_2)
FNDA:0,(anonymous_3)
FNDA:0,(anonymous_4)
FNDA:0,(anonymous_5)
DA:13,5
DA:14,5
DA:27,0
DA:40,0
DA:42,0
DA:43,0
DA:44,0
DA:47,0
DA:51,0
DA:52,0
DA:63,0
DA:65,0
DA:66,0
DA:68,0
DA:69,0
DA:70,0
DA:72,0
LF:17
LH:2
BRDA:42,0,0,0
BRDA:42,0,1,0
BRF:2
BRH:0
end_of_record
TN:
SF:C:\Users\ragnar\proyectos\vue-flux\src\transitions\fade.vue
FN:25,(anonymous_1)
FN:33,(anonymous_2)
FNF:2
FNH:0
FNDA:0,(anonymous_1)
FNDA:0,(anonymous_2)
DA:11,5
DA:12,5
DA:25,0
DA:34,0
LF:4
LH:2
BRF:0
BRH:0
end_of_record
TN:
SF:C:\Users\ragnar\proyectos\vue-flux\src\transitions\fall.vue
FN:25,(anonymous_1)
FN:33,(anonymous_2)
FN:40,(anonymous_3)
FNF:3
FNH:0
FNDA:0,(anonymous_1)
FNDA:0,(anonymous_2)
FNDA:0,(anonymous_3)
DA:11,5
DA:12,5
DA:25,0
DA:34,0
DA:41,0
LF:5
LH:2
BRF:0
BRH:0
end_of_record
TN:
SF:C:\Users\ragnar\proyectos\vue-flux\src\transitions\index.js
FNF:0
FNH:0
LF:0
LH:0
BRF:0
BRH:0
end_of_record
TN:
SF:C:\Users\ragnar\proyectos\vue-flux\src\transitions\kenburn.vue
FN:25,(anonymous_1)
FN:32,(anonymous_2)
FN:37,(anonymous_3)
FN:46,(anonymous_4)
FNF:4
FNH:0
FNDA:0,(anonymous_1)
FNDA:0,(anonymous_2)
FNDA:0,(anonymous_3)
FNDA:0,(anonymous_4)
DA:11,5
DA:12,5
DA:25,0
DA:33,0
DA:34,0
DA:38,0
DA:47,0
DA:49,0
DA:50,0
DA:59,0
DA:60,0
DA:69,0
DA:70,0
DA:79,0
LF:14
LH:2
BRDA:49,0,0,0
BRDA:49,0,1,0
BRDA:59,1,0,0
BRDA:59,1,1,0
BRDA:69,2,0,0
BRDA:69,2,1,0
BRF:6
BRH:0
end_of_record
TN:
SF:C:\Users\ragnar\proyectos\vue-flux\src\transitions\round1.vue
FN:27,(anonymous_1)
FN:40,(anonymous_2)
FN:57,(anonymous_3)
FN:66,(anonymous_4)
FN:75,(anonymous_5)
FN:81,(anonymous_6)
FNF:6
FNH:0
FNDA:0,(anonymous_1)
FNDA:0,(anonymous_2)
FNDA:0,(anonymous_3)
FNDA:0,(anonymous_4)
FNDA:0,(anonymous_5)
FNDA:0,(anonymous_6)
DA:13,5
DA:14,5
DA:27,0
DA:41,0
DA:43,0
DA:44,0
DA:45,0
DA:48,0
DA:49,0
DA:51,0
DA:58,0
DA:61,0
DA:66,0
DA:67,0
DA:71,0
DA:76,0
DA:82,0
DA:84,0
DA:85,0
DA:86,0
DA:88,0
DA:91,0
LF:22
LH:2
BRDA:43,0,0,0
BRDA:43,0,1,0
BRDA:48,1,0,0
BRDA:48,1,1,0
BRDA:58,2,0,0
BRDA:58,2,1,0
BRDA:76,3,0,0
BRDA:76,3,1,0
BRDA:88,4,0,0
BRDA:88,4,1,0
BRF:10
BRH:0
end_of_record
TN:
SF:C:\Users\ragnar\proyectos\vue-flux\src\transitions\round2.vue
FN:29,(anonymous_1)
FN:45,(anonymous_2)
FN:56,(anonymous_3)
FN:57,(anonymous_4)
FN:67,(anonymous_5)
FNF:5
FNH:0
FNDA:0,(anonymous_1)
FNDA:0,(anonymous_2)
FNDA:0,(anonymous_3)
FNDA:0,(anonymous_4)
FNDA:0,(anonymous_5)
DA:15,5
DA:16,5
DA:29,0
DA:46,0
DA:48,0
DA:49,0
DA:50,0
DA:53,0
DA:57,0
DA:58,0
DA:68,0
DA:70,0
DA:71,0
DA:75,0
DA:76,0
DA:77,0
DA:80,0
DA:81,0
DA:84,0
DA:86,0
LF:20
LH:2
BRDA:48,0,0,0
BRDA:48,0,1,0
BRDA:75,1,0,0
BRDA:75,1,1,0
BRF:4
BRH:0
end_of_record
TN:
SF:C:\Users\ragnar\proyectos\vue-flux\src\transitions\slide.vue
FN:33,(anonymous_1)
FN:46,(anonymous_2)
FN:51,(anonymous_3)
FN:59,(anonymous_4)
FN:65,(anonymous_5)
FN:70,(anonymous_6)
FN:77,(anonymous_7)
FNF:7
FNH:0
FNDA:0,(anonymous_1)
FNDA:0,(anonymous_2)
FNDA:0,(anonymous_3)
FNDA:0,(anonymous_4)
FNDA:0,(anonymous_5)
FNDA:0,(anonymous_6)
FNDA:0,(anonymous_7)
DA:17,5
DA:18,5
DA:19,5
DA:33,0
DA:47,0
DA:52,0
DA:60,0
DA:61,0
DA:62,0
DA:66,0
DA:67,0
DA:71,0
DA:78,0
LF:13
LH:3
BRF:0
BRH:0
end_of_record
TN:
SF:C:\Users\ragnar\proyectos\vue-flux\src\transitions\swipe.vue
FN:29,(anonymous_1)
FN:43,(anonymous_2)
FN:51,(anonymous_3)
FN:59,(anonymous_4)
FNF:4
FNH:0
FNDA:0,(anonymous_1)
FNDA:0,(anonymous_2)
FNDA:0,(anonymous_3)
FNDA:0,(anonymous_4)
DA:13,5
DA:14,5
DA:15,5
DA:29,0
DA:44,0
DA:52,0
DA:60,0
LF:7
LH:3
BRF:0
BRH:0
end_of_record
TN:
SF:C:\Users\ragnar\proyectos\vue-flux\src\transitions\warp.vue
FN:25,(anonymous_1)
FN:33,(anonymous_2)
FN:37,(anonymous_3)
FN:38,(anonymous_4)
FN:48,(anonymous_5)
FN:52,(anonymous_6)
FN:56,(anonymous_7)
FNF:7
FNH:0
FNDA:0,(anonymous_1)
FNDA:0,(anonymous_2)
FNDA:0,(anonymous_3)
FNDA:0,(anonymous_4)
FNDA:0,(anonymous_5)
FNDA:0,(anonymous_6)
FNDA:0,(anonymous_7)
DA:11,5
DA:12,5
DA:25,0
DA:34,0
DA:38,0
DA:39,0
DA:49,0
DA:53,0
DA:57,0
LF:9
LH:2
BRDA:57,0,0,0
BRDA:57,0,1,0
BRF:2
BRH:0
end_of_record
TN:
SF:C:\Users\ragnar\proyectos\vue-flux\src\transitions\waterfall.vue
FN:26,(anonymous_1)
FN:35,(anonymous_2)
FN:39,(anonymous_3)
FN:40,(anonymous_4)
FN:50,(anonymous_5)
FN:54,(anonymous_6)
FNF:6
FNH:0
FNDA:0,(anonymous_1)
FNDA:0,(anonymous_2)
FNDA:0,(anonymous_3)
FNDA:0,(anonymous_4)
FNDA:0,(anonymous_5)
FNDA:0,(anonymous_6)
DA:12,5
DA:13,5
DA:26,0
DA:36,0
DA:40,0
DA:41,0
DA:51,0
DA:55,0
LF:8
LH:2
BRF:0
BRH:0
end_of_record
TN:
SF:C:\Users\ragnar\proyectos\vue-flux\src\transitions\wave.vue
FN:29,(anonymous_1)
FN:45,(anonymous_2)
FN:56,(anonymous_3)
FN:65,(anonymous_4)
FN:74,(anonymous_5)
FN:80,(anonymous_6)
FN:84,(anonymous_7)
FNF:7
FNH:0
FNDA:0,(anonymous_1)
FNDA:0,(anonymous_2)
FNDA:0,(anonymous_3)
FNDA:0,(anonymous_4)
FNDA:0,(anonymous_5)
FNDA:0,(anonymous_6)
FNDA:0,(anonymous_7)
DA:15,5
DA:16,5
DA:29,0
DA:46,0
DA:48,0
DA:50,0
DA:57,0
DA:60,0
DA:65,0
DA:66,0
DA:70,0
DA:75,0
DA:81,0
DA:85,0
LF:14
LH:2
BRDA:57,0,0,0
BRDA:57,0,1,0
BRDA:75,1,0,0
BRDA:75,1,1,0
BRF:4
BRH:0
end_of_record
TN:
SF:C:\Users\ragnar\proyectos\vue-flux\src\transitions\zip.vue
FN:26,(anonymous_1)
FN:35,(anonymous_2)
FN:39,(anonymous_3)
FN:40,(anonymous_4)
FN:50,(anonymous_5)
FN:54,(anonymous_6)
FNF:6
FNH:0
FNDA:0,(anonymous_1)
FNDA:0,(anonymous_2)
FNDA:0,(anonymous_3)
FNDA:0,(anonymous_4)
FNDA:0,(anonymous_5)
FNDA:0,(anonymous_6)
DA:12,5
DA:13,5
DA:26,0
DA:36,0
DA:40,0
DA:41,0
DA:51,0
DA:55,0
LF:8
LH:2
BRDA:44,0,0,0
BRDA:44,0,1,0
BRF:2
BRH:0
end_of_record
